#
# There is insufficient memory for the Java Runtime Environment to continue.
# Native memory allocation (mmap) failed to map 134217728 bytes for Failed to commit area from 0x0000000081200000 to 0x0000000089200000 of length 134217728.
# Possible reasons:
#   The system is out of physical RAM or swap space
#   The process is running with CompressedOops enabled, and the Java Heap may be blocking the growth of the native heap
# Possible solutions:
#   Reduce memory load on the system
#   Increase physical memory or swap space
#   Check if swap backing store is full
#   Decrease Java heap size (-Xmx/-Xms)
#   Decrease number of Java threads
#   Decrease Java thread stack sizes (-Xss)
#   Set larger code cache with -XX:ReservedCodeCacheSize=
# This output file may be truncated or incomplete.
#
#  Out of Memory Error (t:/workspace/open/src/hotspot/os/windows/os_windows.cpp:3269), pid=6604, tid=23320
#
# JRE version:  (11.0.2+9) (build )
# Java VM: OpenJDK 64-Bit Server VM (11.0.2+9, mixed mode, aot, sharing, tiered, compressed oops, g1 gc, windows-amd64)
# No core dump will be written. Minidumps are not enabled by default on client versions of Windows
#

---------------  S U M M A R Y ------------

Command Line: -Dfile.encoding=UTF-8 com.ProjetoKellyEpompeaLojaUnitApplication

Host: Intel(R) Core(TM) i3-7100U CPU @ 2.40GHz, 4 cores, 7G,  Windows 10 , 64 bit Build 18362 (10.0.18362.1110)
Time: Mon Jan 18 22:37:12 2021 Hora oficial do Brasil elapsed time: 0 seconds (0d 0h 0m 0s)

---------------  T H R E A D  ---------------

Current thread (0x000001c8316f2000):  JavaThread "Unknown thread" [_thread_in_vm, id=23320, stack(0x0000002a3ec00000,0x0000002a3ed00000)]

Stack: [0x0000002a3ec00000,0x0000002a3ed00000]
Native frames: (J=compiled Java code, j=interpreted, Vv=VM code, C=native code)
V  [jvm.dll+0x63489a]
V  [jvm.dll+0x771f9f]
V  [jvm.dll+0x773648]
V  [jvm.dll+0x773d03]
V  [jvm.dll+0x25eba8]
V  [jvm.dll+0x631d3a]
V  [jvm.dll+0x626775]
V  [jvm.dll+0x313ffc]
V  [jvm.dll+0x313e82]
V  [jvm.dll+0x3196e6]
V  [jvm.dll+0x36579f]
V  [jvm.dll+0x3651c0]
V  [jvm.dll+0x2f0ff8]
V  [jvm.dll+0x2f2156]
V  [jvm.dll+0x74b4f7]
V  [jvm.dll+0x74cc3f]
V  [jvm.dll+0x372609]
V  [jvm.dll+0x731b69]
V  [jvm.dll+0x3e1bad]
V  [jvm.dll+0x3e3e81]
C  [javaw.exe+0x3617]
C  [javaw.exe+0x17a6c]
C  [KERNEL32.DLL+0x17c24]
C  [ntdll.dll+0x6d4d1]


---------------  P R O C E S S  ---------------

Threads class SMR info:
_java_thread_list=0x000001c82fe4e8a0, length=0, elements={
}

Java Threads: ( => current thread )

Other Threads:
  0x000001c831708000 GCTaskThread "GC Thread#0" [stack: 0x0000002a3ed00000,0x0000002a3ee00000] [id=7832]
  0x000001c831739800 ConcurrentGCThread "G1 Main Marker" [stack: 0x0000002a3ee00000,0x0000002a3ef00000] [id=23496]
  0x000001c83173a800 ConcurrentGCThread "G1 Conc#0" [stack: 0x0000002a3ef00000,0x0000002a3f000000] [id=4816]

[error occurred during error reporting (printing all threads), id 0xc0000005, EXCEPTION_ACCESS_VIOLATION (0xc0000005) at pc=0x00007ffe429bf5b7]

VM state:not at safepoint (not fully initialized)

VM Mutex/Monitor currently owned by a thread:  ([mutex/lock_event])
[0x000001c8316f03d0] Heap_lock - owner thread: 0x000001c8316f2000

Heap address: 0x0000000081200000, size: 2030 MB, Compressed Oops mode: Non-zero based: 0x0000000081200000
Narrow klass base: 0x0000000000000000, Narrow klass shift: 0

GC Heap History (0 events):
No events

Deoptimization events (0 events):
No events

Classes redefined (0 events):
No events

Internal exceptions (0 events):
No events

Events (0 events):
No events


Dynamic libraries:
0x00007ff762a90000 - 0x00007ff762ad5000 	C:\Program Files\Java\jdk-11.0.2\bin\javaw.exe
0x00007ffe84a20000 - 0x00007ffe84c10000 	C:\WINDOWS\SYSTEM32\ntdll.dll
0x00007ffe83600000 - 0x00007ffe836b2000 	C:\WINDOWS\System32\KERNEL32.DLL
0x00007ffe81be0000 - 0x00007ffe81e85000 	C:\WINDOWS\System32\KERNELBASE.dll
0x00007ffe82b50000 - 0x00007ffe82ce4000 	C:\WINDOWS\System32\USER32.dll
0x00007ffe81e90000 - 0x00007ffe81eb1000 	C:\WINDOWS\System32\win32u.dll
0x00007ffe84690000 - 0x00007ffe846b6000 	C:\WINDOWS\System32\GDI32.dll
0x00007ffe826e0000 - 0x00007ffe82876000 	C:\WINDOWS\System32\gdi32full.dll
0x00007ffe81b40000 - 0x00007ffe81bde000 	C:\WINDOWS\System32\msvcp_win.dll
0x00007ffe82880000 - 0x00007ffe8297a000 	C:\WINDOWS\System32\ucrtbase.dll
0x00007ffe62c30000 - 0x00007ffe62eb4000 	C:\WINDOWS\WinSxS\amd64_microsoft.windows.common-controls_6595b64144ccf1df_6.0.18362.1256_none_9e7e379be45e40e2\COMCTL32.dll
0x00007ffe82ec0000 - 0x00007ffe82f5e000 	C:\WINDOWS\System32\msvcrt.dll
0x00007ffe83230000 - 0x00007ffe83566000 	C:\WINDOWS\System32\combase.dll
0x00007ffe83070000 - 0x00007ffe83190000 	C:\WINDOWS\System32\RPCRT4.dll
0x00007ffe819b0000 - 0x00007ffe81a31000 	C:\WINDOWS\System32\bcryptPrimitives.dll
0x00007ffe849b0000 - 0x00007ffe849de000 	C:\WINDOWS\System32\IMM32.DLL
0x00007ffe697e0000 - 0x00007ffe697f6000 	C:\Program Files\Java\jdk-11.0.2\bin\vcruntime140.dll
0x00007ffe5db40000 - 0x00007ffe5dbea000 	C:\Program Files\Java\jdk-11.0.2\bin\msvcp140.dll
0x00007ffe426c0000 - 0x00007ffe431e3000 	C:\Program Files\Java\jdk-11.0.2\bin\server\jvm.dll
0x00007ffe84720000 - 0x00007ffe847c3000 	C:\WINDOWS\System32\ADVAPI32.dll
0x00007ffe83190000 - 0x00007ffe83227000 	C:\WINDOWS\System32\sechost.dll
0x00007ffe82de0000 - 0x00007ffe82de8000 	C:\WINDOWS\System32\PSAPI.DLL
0x00007ffe6a610000 - 0x00007ffe6a619000 	C:\WINDOWS\SYSTEM32\WSOCK32.dll
0x00007ffe83590000 - 0x00007ffe835ff000 	C:\WINDOWS\System32\WS2_32.dll
0x00007ffe7f990000 - 0x00007ffe7f9b4000 	C:\WINDOWS\SYSTEM32\WINMM.dll
0x00007ffe7b890000 - 0x00007ffe7b89a000 	C:\WINDOWS\SYSTEM32\VERSION.dll
0x00007ffe7f960000 - 0x00007ffe7f98d000 	C:\WINDOWS\SYSTEM32\WINMMBASE.dll
0x00007ffe81af0000 - 0x00007ffe81b3a000 	C:\WINDOWS\System32\cfgmgr32.dll
0x00007ffe818d0000 - 0x00007ffe818e1000 	C:\WINDOWS\System32\kernel.appcore.dll
0x00007ffe79e70000 - 0x00007ffe79e81000 	C:\Program Files\Java\jdk-11.0.2\bin\verify.dll
0x00007ffe6acb0000 - 0x00007ffe6aea4000 	C:\WINDOWS\SYSTEM32\DBGHELP.DLL
0x00007ffe69cd0000 - 0x00007ffe69cfa000 	C:\WINDOWS\SYSTEM32\dbgcore.DLL
0x00007ffe69840000 - 0x00007ffe69868000 	C:\Program Files\Java\jdk-11.0.2\bin\java.dll
0x00007ffe79e10000 - 0x00007ffe79e26000 	C:\Program Files\Java\jdk-11.0.2\bin\zip.dll
0x00007ffe7bd20000 - 0x00007ffe7bd2a000 	C:\Program Files\Java\jdk-11.0.2\bin\jimage.dll

dbghelp: loaded successfully - version: 4.0.5 - missing functions: none
symbol engine: initialized successfully - sym options: 0x614 - pdb path: .;C:\Program Files\Java\jdk-11.0.2\bin;C:\WINDOWS\SYSTEM32;C:\WINDOWS\WinSxS\amd64_microsoft.windows.common-controls_6595b64144ccf1df_6.0.18362.1256_none_9e7e379be45e40e2;C:\Program Files\Java\jdk-11.0.2\bin\server

VM Arguments:
jvm_args: -Dfile.encoding=UTF-8 
java_command: com.ProjetoKellyEpompeaLojaUnitApplication
java_class_path (initial): C:\AULAS UNIT\ProjetoKellyLojaUnit\target\classes;C:\Users\PMRecife\.m2\repository\org\springframework\boot\spring-boot-starter-data-jpa\2.3.4.RELEASE\spring-boot-starter-data-jpa-2.3.4.RELEASE.jar;C:\Users\PMRecife\.m2\repository\org\springframework\boot\spring-boot-starter-aop\2.3.4.RELEASE\spring-boot-starter-aop-2.3.4.RELEASE.jar;C:\Users\PMRecife\.m2\repository\org\springframework\spring-aop\5.2.9.RELEASE\spring-aop-5.2.9.RELEASE.jar;C:\Users\PMRecife\.m2\repository\org\aspectj\aspectjweaver\1.9.6\aspectjweaver-1.9.6.jar;C:\Users\PMRecife\.m2\repository\org\springframework\boot\spring-boot-starter-jdbc\2.3.4.RELEASE\spring-boot-starter-jdbc-2.3.4.RELEASE.jar;C:\Users\PMRecife\.m2\repository\com\zaxxer\HikariCP\3.4.5\HikariCP-3.4.5.jar;C:\Users\PMRecife\.m2\repository\org\springframework\spring-jdbc\5.2.9.RELEASE\spring-jdbc-5.2.9.RELEASE.jar;C:\Users\PMRecife\.m2\repository\jakarta\transaction\jakarta.transaction-api\1.3.3\jakarta.transaction-api-1.3.3.jar;C:\Users\PMRecife\.m2\repository\jakarta\persistence\jakarta.persistence-api\2.2.3\jakarta.persistence-api-2.2.3.jar;C:\Users\PMRecife\.m2\repository\org\hibernate\hibernate-core\5.4.21.Final\hibernate-core-5.4.21.Final.jar;C:\Users\PMRecife\.m2\repository\org\jboss\logging\jboss-logging\3.4.1.Final\jboss-logging-3.4.1.Final.jar;C:\Users\PMRecife\.m2\repository\org\javassist\javassist\3.24.0-GA\javassist-3.24.0-GA.jar;C:\Users\PMRecife\.m2\repository\net\bytebuddy\byte-buddy\1.10.14\byte-buddy-1.10.14.jar;C:\Users\PMRecife\.m2\repository\antlr\antlr\2.7.7\antlr-2.7.7.jar;C:\Users\PMRecife\.m2\repository\org\jboss\jandex\2.1.3.Final\jandex-2.1.3.Final.jar;C:\Users\PMRecife\.m2\repository\com\fasterxml\classmate\1.5.1\classmate-1.5.1.jar;C:\Users\PMRecife\.m2\repository\org\dom4j\dom4j\2.1.3\dom4j-2.1.3.jar;C:\Users\PMRecife\.m2\repository\org\hibernate\common\hibernate-commons-annotations\5.1.0.Final\hibernate-commons-annotations-5.1.0.Final.jar;C:\Users\PMRecife\.m2\repository\org
Launcher Type: SUN_STANDARD

[Global flags]
     intx CICompilerCount                          = 3                                         {product} {ergonomic}
     uint ConcGCThreads                            = 1                                         {product} {ergonomic}
     uint G1ConcRefinementThreads                  = 4                                         {product} {ergonomic}
   size_t G1HeapRegionSize                         = 1048576                                   {product} {ergonomic}
    uintx GCDrainStackTargetSize                   = 64                                        {product} {ergonomic}
   size_t InitialHeapSize                          = 134217728                                 {product} {ergonomic}
   size_t MarkStackSize                            = 4194304                                   {product} {ergonomic}
   size_t MaxHeapSize                              = 2128609280                                {product} {ergonomic}
   size_t MinHeapDeltaBytes                        = 1048576                                   {product} {ergonomic}
    uintx NonNMethodCodeHeapSize                   = 5830092                                {pd product} {ergonomic}
    uintx NonProfiledCodeHeapSize                  = 122914074                              {pd product} {ergonomic}
    uintx ProfiledCodeHeapSize                     = 122914074                              {pd product} {ergonomic}
    uintx ReservedCodeCacheSize                    = 251658240                              {pd product} {ergonomic}
     bool SegmentedCodeCache                       = true                                      {product} {ergonomic}
     bool UseCompressedClassPointers               = true                                 {lp64_product} {ergonomic}
     bool UseCompressedOops                        = true                                 {lp64_product} {ergonomic}
     bool UseG1GC                                  = true                                      {product} {ergonomic}
     bool UseLargePagesIndividualAllocation        = false                                  {pd product} {ergonomic}

Logging:
Log output configuration:
 #0: stdout all=warning uptime,level,tags
 #1: stderr all=off uptime,level,tags

Environment Variables:
JAVA_HOME=C:\Program Files\Java\jdk-11.0.2
PATH=C:/Program Files/Java/jdk-11.0.2/bin/server;C:/Program Files/Java/jdk-11.0.2/bin;%M2_home%\bin;C:\Program Files\Git\cmd;C:\Program Files\Java\jdk-11.0.2\bin;C:\Program Files\Java\jdk-11.0.2;C:\apache-maven-3.6.3\bin;C:\APPs\apache-tomcat-7.0.104\bin;C:\Program Files\heroku\bin;C:\Users\PMRecife\AppData\Local\Programs\Microsoft VS Code\bin;C:\Users\PMRecife\AppData\Roaming\npm;C:\Users\PMRecife\AppData\Local\GitHubDesktop\bin;;C:\WINDOWS\system32;
USERNAME=Professor
OS=Windows_NT
PROCESSOR_IDENTIFIER=Intel64 Family 6 Model 142 Stepping 9, GenuineIntel



---------------  S Y S T E M  ---------------

OS: Windows 10 , 64 bit Build 18362 (10.0.18362.1110)

CPU:total 4 (initial active 4) (2 cores per cpu, 2 threads per core) family 6 model 142 stepping 9, cmov, cx8, fxsr, mmx, sse, sse2, sse3, ssse3, sse4.1, sse4.2, popcnt, avx, avx2, aes, clmul, erms, 3dnowpref, lzcnt, ht, tsc, tscinvbit, bmi1, bmi2, adx, fma

Memory: 4k page, system-wide physical 8113M (1279M free)
TotalPageFile size 10023M (AvailPageFile size 44M)
current process WorkingSet (physical memory assigned to process): 9M, peak: 9M
current process commit charge ("private bytes"): 51M, peak: 179M

vm_info: OpenJDK 64-Bit Server VM (11.0.2+9) for windows-amd64 JRE (11.0.2+9), built on Jan 18 2019 05:23:22 by "mach5one" with MS VC++ 15.5 (VS2017)

END.
