#
# There is insufficient memory for the Java Runtime Environment to continue.
# Native memory allocation (mmap) failed to map 27262976 bytes for Failed to commit area from 0x0000000089200000 to 0x000000008ac00000 of length 27262976.
# Possible reasons:
#   The system is out of physical RAM or swap space
#   The process is running with CompressedOops enabled, and the Java Heap may be blocking the growth of the native heap
# Possible solutions:
#   Reduce memory load on the system
#   Increase physical memory or swap space
#   Check if swap backing store is full
#   Decrease Java heap size (-Xmx/-Xms)
#   Decrease number of Java threads
#   Decrease Java thread stack sizes (-Xss)
#   Set larger code cache with -XX:ReservedCodeCacheSize=
#   JVM is running with Unscaled Compressed Oops mode in which the Java heap is
#     placed in the first 4GB address space. The Java Heap base address is the
#     maximum limit for the native heap growth. Please use -XX:HeapBaseMinAddress
#     to set the Java Heap base and to place the Java Heap above 4GB virtual address.
# This output file may be truncated or incomplete.
#
#  Out of Memory Error (t:/workspace/open/src/hotspot/os/windows/os_windows.cpp:3269), pid=15304, tid=21596
#
# JRE version: OpenJDK Runtime Environment (11.0.2+9) (build 11.0.2+9)
# Java VM: OpenJDK 64-Bit Server VM (11.0.2+9, mixed mode, tiered, compressed oops, g1 gc, windows-amd64)
# No core dump will be written. Minidumps are not enabled by default on client versions of Windows
#

---------------  S U M M A R Y ------------

Command Line: -Dfile.encoding=UTF-8 com.ProjetoKellyEpompeaLojaUnitApplication

Host: Intel(R) Core(TM) i3-7100U CPU @ 2.40GHz, 4 cores, 7G,  Windows 10 , 64 bit Build 18362 (10.0.18362.1110)
Time: Mon Jan 18 22:45:49 2021 Hora oficial do Brasil elapsed time: 3 seconds (0d 0h 0m 3s)

---------------  T H R E A D  ---------------

Current thread (0x000001662ca4f000):  VMThread "VM Thread" [stack: 0x000000436ec00000,0x000000436ed00000] [id=21596]

Stack: [0x000000436ec00000,0x000000436ed00000]
[error occurred during error reporting (printing stack bounds), id 0xc0000005, EXCEPTION_ACCESS_VIOLATION (0xc0000005) at pc=0x00000166162d0bad]

Native frames: (J=compiled Java code, j=interpreted, Vv=VM code, C=native code)
V  [jvm.dll+0x63489a]
V  [jvm.dll+0x771f9f]
V  [jvm.dll+0x773648]
V  [jvm.dll+0x773c65]
V  [jvm.dll+0x773c1b]
V  [jvm.dll+0x633fa6]
V  [jvm.dll+0x634368]
C  [ntdll.dll+0xa184f]
C  [ntdll.dll+0x6a889]
C  [ntdll.dll+0xa04be]
C  0x00000166162d0bad

VM_Operation (0x000000436fcfc010): G1CollectForAllocation, mode: safepoint, requested by thread 0x000001662ee05000


---------------  P R O C E S S  ---------------

Threads class SMR info:
_java_thread_list=0x000001662e38d980, length=13, elements={
0x000001660df2e800, 0x000001662ca75000, 0x000001662ca80800, 0x000001662d412800,
0x000001662d413000, 0x000001662ca8f800, 0x000001662ca9a000, 0x000001662caa7800,
0x000001662d551000, 0x000001662d559800, 0x000001662e17f000, 0x000001662e239000,
0x000001662ee05000
}

Java Threads: ( => current thread )
  0x000001660df2e800 JavaThread "main" [_thread_blocked, id=19320, stack(0x000000436e600000,0x000000436e700000)]
  0x000001662ca75000 JavaThread "Reference Handler" daemon [_thread_blocked, id=20704, stack(0x000000436ed00000,0x000000436ee00000)]
  0x000001662ca80800 JavaThread "Finalizer" daemon [_thread_blocked, id=22592, stack(0x000000436ee00000,0x000000436ef00000)]
  0x000001662d412800 JavaThread "Signal Dispatcher" daemon [_thread_blocked, id=10308, stack(0x000000436f000000,0x000000436f100000)]
  0x000001662d413000 JavaThread "Attach Listener" daemon [_thread_blocked, id=17200, stack(0x000000436f100000,0x000000436f200000)]
  0x000001662ca8f800 JavaThread "C2 CompilerThread0" daemon [_thread_blocked, id=2196, stack(0x000000436f200000,0x000000436f300000)]
  0x000001662ca9a000 JavaThread "C1 CompilerThread0" daemon [_thread_blocked, id=20248, stack(0x000000436f300000,0x000000436f400000)]
  0x000001662caa7800 JavaThread "Sweeper thread" daemon [_thread_blocked, id=15768, stack(0x000000436f400000,0x000000436f500000)]
  0x000001662d551000 JavaThread "Service Thread" daemon [_thread_blocked, id=20784, stack(0x000000436f500000,0x000000436f600000)]
  0x000001662d559800 JavaThread "Common-Cleaner" daemon [_thread_blocked, id=11548, stack(0x000000436f700000,0x000000436f800000)]
  0x000001662e17f000 JavaThread "C2 CompilerThread1" daemon [_thread_blocked, id=7428, stack(0x000000436fa00000,0x000000436fb00000)]
  0x000001662e239000 JavaThread "Thread-0" [_thread_blocked, id=5720, stack(0x000000436fb00000,0x000000436fc00000)]
  0x000001662ee05000 JavaThread "restartedMain" [_thread_blocked, id=4320, stack(0x000000436fc00000,0x000000436fd00000)]

Other Threads:
=>0x000001662ca4f000 VMThread "VM Thread" [stack: 0x000000436ec00000,0x000000436ed00000] [id=21596]
  0x000001662d554800 WatcherThread [stack: 0x000000436f600000,0x000000436f700000] [id=20572]
  0x000001660df45000 GCTaskThread "GC Thread#0" [stack: 0x000000436e700000,0x000000436e800000] [id=23396]
  0x000001662da49000 GCTaskThread "GC Thread#1" [stack: 0x000000436f800000,0x000000436f900000] [id=5628]
  0x000001662e208800 GCTaskThread "GC Thread#2" [stack: 0x000000436f900000,0x000000436fa00000] [id=15216]
  0x000001662e229000 GCTaskThread "GC Thread#3" [stack: 0x000000436fe00000,0x000000436ff00000] [id=21856]
  0x000001660df75800 ConcurrentGCThread "G1 Main Marker" [stack: 0x000000436e800000,0x000000436e900000] [id=18292]
  0x000001660df77800 ConcurrentGCThread "G1 Conc#0" [stack: 0x000000436e900000,0x000000436ea00000] [id=20964]
  0x000001662c8c0800 ConcurrentGCThread "G1 Refine#0" [stack: 0x000000436ea00000,0x000000436eb00000] [id=22924]
  0x000001660dffa000 ConcurrentGCThread "G1 Young RemSet Sampling" [stack: 0x000000436eb00000,0x000000436ec00000] [id=14264]

Threads with active compile tasks:
C2 CompilerThread02214       4       sun.nio.fs.WindowsPathParser::normalize (233 bytes)
C2 CompilerThread12203       4       org.springframework.asm.ClassReader::readMethod (1055 bytes)

VM state:at safepoint (normal execution)

VM Mutex/Monitor currently owned by a thread:  ([mutex/lock_event])
[0x000001660df2b5d0] Threads_lock - owner thread: 0x000001662ca4f000
[0x000001660df2c080] Heap_lock - owner thread: 0x000001662ee05000

Heap address: 0x0000000081200000, size: 2030 MB, Compressed Oops mode: 32-bit
Narrow klass base: 0x0000000000000000, Narrow klass shift: 3
Compressed class space size: 1073741824 Address: 0x0000000100000000

Heap:
 garbage-first heap   total 157696K, used 9886K [0x0000000081200000, 0x0000000100000000)
  region size 1024K, 4 young (4096K), 4 survivors (4096K)
 Metaspace       used 23550K, capacity 24158K, committed 24316K, reserved 1071104K
  class space    used 2603K, capacity 2817K, committed 2892K, reserved 1048576K
Heap Regions: E=young(eden), S=young(survivor), O=old, HS=humongous(starts), HC=humongous(continues), CS=collection set, F=free, A=archive, TAMS=top-at-mark-start (previous, next)
|   0|0x0000000081200000, 0x0000000081300000, 0x0000000081300000|100%|HS|  |TAMS 0x0000000081300000, 0x0000000081200000| Complete 
|   1|0x0000000081300000, 0x0000000081400000, 0x0000000081400000|100%| O|  |TAMS 0x0000000081400000, 0x0000000081300000| Untracked 
|   2|0x0000000081400000, 0x0000000081500000, 0x0000000081500000|100%| O|  |TAMS 0x0000000081500000, 0x0000000081400000| Untracked 
|   3|0x0000000081500000, 0x0000000081600000, 0x0000000081600000|100%| O|  |TAMS 0x0000000081600000, 0x0000000081500000| Untracked 
|   4|0x0000000081600000, 0x0000000081700000, 0x0000000081700000|100%| O|  |TAMS 0x0000000081700000, 0x0000000081600000| Untracked 
|   5|0x0000000081700000, 0x00000000817b2600, 0x0000000081800000| 69%| O|  |TAMS 0x00000000817b2600, 0x0000000081700000| Untracked 
|   6|0x0000000081800000, 0x0000000081800000, 0x0000000081900000|  0%| F|  |TAMS 0x0000000081800000, 0x0000000081800000| Untracked 
|   7|0x0000000081900000, 0x0000000081900000, 0x0000000081a00000|  0%| F|  |TAMS 0x0000000081900000, 0x0000000081900000| Untracked 
|   8|0x0000000081a00000, 0x0000000081a00000, 0x0000000081b00000|  0%| F|  |TAMS 0x0000000081a00000, 0x0000000081a00000| Untracked 
|   9|0x0000000081b00000, 0x0000000081b00000, 0x0000000081c00000|  0%| F|  |TAMS 0x0000000081b00000, 0x0000000081b00000| Untracked 
|  10|0x0000000081c00000, 0x0000000081c00000, 0x0000000081d00000|  0%| F|  |TAMS 0x0000000081c00000, 0x0000000081c00000| Untracked 
|  11|0x0000000081d00000, 0x0000000081d00000, 0x0000000081e00000|  0%| F|  |TAMS 0x0000000081d00000, 0x0000000081d00000| Untracked 
|  12|0x0000000081e00000, 0x0000000081e00000, 0x0000000081f00000|  0%| F|  |TAMS 0x0000000081e00000, 0x0000000081e00000| Untracked 
|  13|0x0000000081f00000, 0x0000000081f00000, 0x0000000082000000|  0%| F|  |TAMS 0x0000000081f00000, 0x0000000081f00000| Untracked 
|  14|0x0000000082000000, 0x0000000082000000, 0x0000000082100000|  0%| F|  |TAMS 0x0000000082000000, 0x0000000082000000| Untracked 
|  15|0x0000000082100000, 0x0000000082100000, 0x0000000082200000|  0%| F|  |TAMS 0x0000000082100000, 0x0000000082100000| Untracked 
|  16|0x0000000082200000, 0x0000000082200000, 0x0000000082300000|  0%| F|  |TAMS 0x0000000082200000, 0x0000000082200000| Untracked 
|  17|0x0000000082300000, 0x0000000082300000, 0x0000000082400000|  0%| F|  |TAMS 0x0000000082300000, 0x0000000082300000| Untracked 
|  18|0x0000000082400000, 0x0000000082400000, 0x0000000082500000|  0%| F|  |TAMS 0x0000000082400000, 0x0000000082400000| Untracked 
|  19|0x0000000082500000, 0x0000000082500000, 0x0000000082600000|  0%| F|  |TAMS 0x0000000082500000, 0x0000000082500000| Untracked 
|  20|0x0000000082600000, 0x0000000082600000, 0x0000000082700000|  0%| F|  |TAMS 0x0000000082600000, 0x0000000082600000| Untracked 
|  21|0x0000000082700000, 0x0000000082700000, 0x0000000082800000|  0%| F|  |TAMS 0x0000000082700000, 0x0000000082700000| Untracked 
|  22|0x0000000082800000, 0x0000000082800000, 0x0000000082900000|  0%| F|  |TAMS 0x0000000082800000, 0x0000000082800000| Untracked 
|  23|0x0000000082900000, 0x0000000082900000, 0x0000000082a00000|  0%| F|  |TAMS 0x0000000082900000, 0x0000000082900000| Untracked 
|  24|0x0000000082a00000, 0x0000000082a00000, 0x0000000082b00000|  0%| F|  |TAMS 0x0000000082a00000, 0x0000000082a00000| Untracked 
|  25|0x0000000082b00000, 0x0000000082b00000, 0x0000000082c00000|  0%| F|  |TAMS 0x0000000082b00000, 0x0000000082b00000| Untracked 
|  26|0x0000000082c00000, 0x0000000082c00000, 0x0000000082d00000|  0%| F|  |TAMS 0x0000000082c00000, 0x0000000082c00000| Untracked 
|  27|0x0000000082d00000, 0x0000000082d00000, 0x0000000082e00000|  0%| F|  |TAMS 0x0000000082d00000, 0x0000000082d00000| Untracked 
|  28|0x0000000082e00000, 0x0000000082e00000, 0x0000000082f00000|  0%| F|  |TAMS 0x0000000082e00000, 0x0000000082e00000| Untracked 
|  29|0x0000000082f00000, 0x0000000082f00000, 0x0000000083000000|  0%| F|  |TAMS 0x0000000082f00000, 0x0000000082f00000| Untracked 
|  30|0x0000000083000000, 0x0000000083000000, 0x0000000083100000|  0%| F|  |TAMS 0x0000000083000000, 0x0000000083000000| Untracked 
|  31|0x0000000083100000, 0x0000000083100000, 0x0000000083200000|  0%| F|  |TAMS 0x0000000083100000, 0x0000000083100000| Untracked 
|  32|0x0000000083200000, 0x0000000083200000, 0x0000000083300000|  0%| F|  |TAMS 0x0000000083200000, 0x0000000083200000| Untracked 
|  33|0x0000000083300000, 0x0000000083300000, 0x0000000083400000|  0%| F|  |TAMS 0x0000000083300000, 0x0000000083300000| Untracked 
|  34|0x0000000083400000, 0x0000000083400000, 0x0000000083500000|  0%| F|  |TAMS 0x0000000083400000, 0x0000000083400000| Untracked 
|  35|0x0000000083500000, 0x0000000083500000, 0x0000000083600000|  0%| F|  |TAMS 0x0000000083500000, 0x0000000083500000| Untracked 
|  36|0x0000000083600000, 0x0000000083600000, 0x0000000083700000|  0%| F|  |TAMS 0x0000000083600000, 0x0000000083600000| Untracked 
|  37|0x0000000083700000, 0x0000000083700000, 0x0000000083800000|  0%| F|  |TAMS 0x0000000083700000, 0x0000000083700000| Untracked 
|  38|0x0000000083800000, 0x0000000083800000, 0x0000000083900000|  0%| F|  |TAMS 0x0000000083800000, 0x0000000083800000| Untracked 
|  39|0x0000000083900000, 0x0000000083900000, 0x0000000083a00000|  0%| F|  |TAMS 0x0000000083900000, 0x0000000083900000| Untracked 
|  40|0x0000000083a00000, 0x0000000083a00000, 0x0000000083b00000|  0%| F|  |TAMS 0x0000000083a00000, 0x0000000083a00000| Untracked 
|  41|0x0000000083b00000, 0x0000000083b00000, 0x0000000083c00000|  0%| F|  |TAMS 0x0000000083b00000, 0x0000000083b00000| Untracked 
|  42|0x0000000083c00000, 0x0000000083c00000, 0x0000000083d00000|  0%| F|  |TAMS 0x0000000083c00000, 0x0000000083c00000| Untracked 
|  43|0x0000000083d00000, 0x0000000083d00000, 0x0000000083e00000|  0%| F|  |TAMS 0x0000000083d00000, 0x0000000083d00000| Untracked 
|  44|0x0000000083e00000, 0x0000000083e00000, 0x0000000083f00000|  0%| F|  |TAMS 0x0000000083e00000, 0x0000000083e00000| Untracked 
|  45|0x0000000083f00000, 0x0000000083f00000, 0x0000000084000000|  0%| F|  |TAMS 0x0000000083f00000, 0x0000000083f00000| Untracked 
|  46|0x0000000084000000, 0x0000000084000000, 0x0000000084100000|  0%| F|  |TAMS 0x0000000084000000, 0x0000000084000000| Untracked 
|  47|0x0000000084100000, 0x0000000084100000, 0x0000000084200000|  0%| F|  |TAMS 0x0000000084100000, 0x0000000084100000| Untracked 
|  48|0x0000000084200000, 0x0000000084200000, 0x0000000084300000|  0%| F|  |TAMS 0x0000000084200000, 0x0000000084200000| Untracked 
|  49|0x0000000084300000, 0x0000000084300000, 0x0000000084400000|  0%| F|  |TAMS 0x0000000084300000, 0x0000000084300000| Untracked 
|  50|0x0000000084400000, 0x0000000084400000, 0x0000000084500000|  0%| F|  |TAMS 0x0000000084400000, 0x0000000084400000| Untracked 
|  51|0x0000000084500000, 0x0000000084500000, 0x0000000084600000|  0%| F|  |TAMS 0x0000000084500000, 0x0000000084500000| Untracked 
|  52|0x0000000084600000, 0x0000000084600000, 0x0000000084700000|  0%| F|  |TAMS 0x0000000084600000, 0x0000000084600000| Untracked 
|  53|0x0000000084700000, 0x0000000084700000, 0x0000000084800000|  0%| F|  |TAMS 0x0000000084700000, 0x0000000084700000| Untracked 
|  54|0x0000000084800000, 0x0000000084800000, 0x0000000084900000|  0%| F|  |TAMS 0x0000000084800000, 0x0000000084800000| Untracked 
|  55|0x0000000084900000, 0x0000000084900000, 0x0000000084a00000|  0%| F|  |TAMS 0x0000000084900000, 0x0000000084900000| Untracked 
|  56|0x0000000084a00000, 0x0000000084a00000, 0x0000000084b00000|  0%| F|  |TAMS 0x0000000084a00000, 0x0000000084a00000| Untracked 
|  57|0x0000000084b00000, 0x0000000084b00000, 0x0000000084c00000|  0%| F|  |TAMS 0x0000000084b00000, 0x0000000084b00000| Untracked 
|  58|0x0000000084c00000, 0x0000000084c00000, 0x0000000084d00000|  0%| F|  |TAMS 0x0000000084c00000, 0x0000000084c00000| Untracked 
|  59|0x0000000084d00000, 0x0000000084d00000, 0x0000000084e00000|  0%| F|  |TAMS 0x0000000084d00000, 0x0000000084d00000| Untracked 
|  60|0x0000000084e00000, 0x0000000084e00000, 0x0000000084f00000|  0%| F|  |TAMS 0x0000000084e00000, 0x0000000084e00000| Untracked 
|  61|0x0000000084f00000, 0x0000000084f00000, 0x0000000085000000|  0%| F|  |TAMS 0x0000000084f00000, 0x0000000084f00000| Untracked 
|  62|0x0000000085000000, 0x0000000085000000, 0x0000000085100000|  0%| F|  |TAMS 0x0000000085000000, 0x0000000085000000| Untracked 
|  63|0x0000000085100000, 0x0000000085100000, 0x0000000085200000|  0%| F|  |TAMS 0x0000000085100000, 0x0000000085100000| Untracked 
|  64|0x0000000085200000, 0x0000000085200000, 0x0000000085300000|  0%| F|  |TAMS 0x0000000085200000, 0x0000000085200000| Untracked 
|  65|0x0000000085300000, 0x0000000085300000, 0x0000000085400000|  0%| F|  |TAMS 0x0000000085300000, 0x0000000085300000| Untracked 
|  66|0x0000000085400000, 0x00000000854f52d0, 0x0000000085500000| 95%| S|CS|TAMS 0x0000000085400000, 0x0000000085400000| Complete 
|  67|0x0000000085500000, 0x0000000085600000, 0x0000000085600000|100%| S|CS|TAMS 0x0000000085500000, 0x0000000085500000| Complete 
|  68|0x0000000085600000, 0x0000000085700000, 0x0000000085700000|100%| S|CS|TAMS 0x0000000085600000, 0x0000000085600000| Complete 
|  69|0x0000000085700000, 0x0000000085800000, 0x0000000085800000|100%| S|CS|TAMS 0x0000000085700000, 0x0000000085700000| Complete 
|  70|0x0000000085800000, 0x0000000085800000, 0x0000000085900000|  0%| F|  |TAMS 0x0000000085800000, 0x0000000085800000| Untracked 
|  71|0x0000000085900000, 0x0000000085900000, 0x0000000085a00000|  0%| F|  |TAMS 0x0000000085900000, 0x0000000085900000| Untracked 
|  72|0x0000000085a00000, 0x0000000085a00000, 0x0000000085b00000|  0%| F|  |TAMS 0x0000000085a00000, 0x0000000085a00000| Untracked 
|  73|0x0000000085b00000, 0x0000000085b00000, 0x0000000085c00000|  0%| F|  |TAMS 0x0000000085b00000, 0x0000000085b00000| Untracked 
|  74|0x0000000085c00000, 0x0000000085c00000, 0x0000000085d00000|  0%| F|  |TAMS 0x0000000085c00000, 0x0000000085c00000| Untracked 
|  75|0x0000000085d00000, 0x0000000085d00000, 0x0000000085e00000|  0%| F|  |TAMS 0x0000000085d00000, 0x0000000085d00000| Untracked 
|  76|0x0000000085e00000, 0x0000000085e00000, 0x0000000085f00000|  0%| F|  |TAMS 0x0000000085e00000, 0x0000000085e00000| Untracked 
|  77|0x0000000085f00000, 0x0000000085f00000, 0x0000000086000000|  0%| F|  |TAMS 0x0000000085f00000, 0x0000000085f00000| Untracked 
|  78|0x0000000086000000, 0x0000000086000000, 0x0000000086100000|  0%| F|  |TAMS 0x0000000086000000, 0x0000000086000000| Untracked 
|  79|0x0000000086100000, 0x0000000086100000, 0x0000000086200000|  0%| F|  |TAMS 0x0000000086100000, 0x0000000086100000| Untracked 
|  80|0x0000000086200000, 0x0000000086200000, 0x0000000086300000|  0%| F|  |TAMS 0x0000000086200000, 0x0000000086200000| Untracked 
|  81|0x0000000086300000, 0x0000000086300000, 0x0000000086400000|  0%| F|  |TAMS 0x0000000086300000, 0x0000000086300000| Untracked 
|  82|0x0000000086400000, 0x0000000086400000, 0x0000000086500000|  0%| F|  |TAMS 0x0000000086400000, 0x0000000086400000| Untracked 
|  83|0x0000000086500000, 0x0000000086500000, 0x0000000086600000|  0%| F|  |TAMS 0x0000000086500000, 0x0000000086500000| Untracked 
|  84|0x0000000086600000, 0x0000000086600000, 0x0000000086700000|  0%| F|  |TAMS 0x0000000086600000, 0x0000000086600000| Untracked 
|  85|0x0000000086700000, 0x0000000086700000, 0x0000000086800000|  0%| F|  |TAMS 0x0000000086700000, 0x0000000086700000| Untracked 
|  86|0x0000000086800000, 0x0000000086800000, 0x0000000086900000|  0%| F|  |TAMS 0x0000000086800000, 0x0000000086800000| Untracked 
|  87|0x0000000086900000, 0x0000000086900000, 0x0000000086a00000|  0%| F|  |TAMS 0x0000000086900000, 0x0000000086900000| Untracked 
|  88|0x0000000086a00000, 0x0000000086a00000, 0x0000000086b00000|  0%| F|  |TAMS 0x0000000086a00000, 0x0000000086a00000| Untracked 
|  89|0x0000000086b00000, 0x0000000086b00000, 0x0000000086c00000|  0%| F|  |TAMS 0x0000000086b00000, 0x0000000086b00000| Untracked 
|  90|0x0000000086c00000, 0x0000000086c00000, 0x0000000086d00000|  0%| F|  |TAMS 0x0000000086c00000, 0x0000000086c00000| Untracked 
|  91|0x0000000086d00000, 0x0000000086d00000, 0x0000000086e00000|  0%| F|  |TAMS 0x0000000086d00000, 0x0000000086d00000| Untracked 
|  92|0x0000000086e00000, 0x0000000086e00000, 0x0000000086f00000|  0%| F|  |TAMS 0x0000000086e00000, 0x0000000086e00000| Untracked 
|  93|0x0000000086f00000, 0x0000000086f00000, 0x0000000087000000|  0%| F|  |TAMS 0x0000000086f00000, 0x0000000086f00000| Untracked 
|  94|0x0000000087000000, 0x0000000087000000, 0x0000000087100000|  0%| F|  |TAMS 0x0000000087000000, 0x0000000087000000| Untracked 
|  95|0x0000000087100000, 0x0000000087100000, 0x0000000087200000|  0%| F|  |TAMS 0x0000000087100000, 0x0000000087100000| Untracked 
|  96|0x0000000087200000, 0x0000000087200000, 0x0000000087300000|  0%| F|  |TAMS 0x0000000087200000, 0x0000000087200000| Untracked 
|  97|0x0000000087300000, 0x0000000087300000, 0x0000000087400000|  0%| F|  |TAMS 0x0000000087300000, 0x0000000087300000| Untracked 
|  98|0x0000000087400000, 0x0000000087400000, 0x0000000087500000|  0%| F|  |TAMS 0x0000000087400000, 0x0000000087400000| Untracked 
|  99|0x0000000087500000, 0x0000000087500000, 0x0000000087600000|  0%| F|  |TAMS 0x0000000087500000, 0x0000000087500000| Untracked 
| 100|0x0000000087600000, 0x0000000087600000, 0x0000000087700000|  0%| F|  |TAMS 0x0000000087600000, 0x0000000087600000| Untracked 
| 101|0x0000000087700000, 0x0000000087700000, 0x0000000087800000|  0%| F|  |TAMS 0x0000000087700000, 0x0000000087700000| Untracked 
| 102|0x0000000087800000, 0x0000000087800000, 0x0000000087900000|  0%| F|  |TAMS 0x0000000087800000, 0x0000000087800000| Untracked 
| 103|0x0000000087900000, 0x0000000087900000, 0x0000000087a00000|  0%| F|  |TAMS 0x0000000087900000, 0x0000000087900000| Untracked 
| 104|0x0000000087a00000, 0x0000000087a00000, 0x0000000087b00000|  0%| F|  |TAMS 0x0000000087a00000, 0x0000000087a00000| Untracked 
| 105|0x0000000087b00000, 0x0000000087b00000, 0x0000000087c00000|  0%| F|  |TAMS 0x0000000087b00000, 0x0000000087b00000| Untracked 
| 106|0x0000000087c00000, 0x0000000087c00000, 0x0000000087d00000|  0%| F|  |TAMS 0x0000000087c00000, 0x0000000087c00000| Untracked 
| 107|0x0000000087d00000, 0x0000000087d00000, 0x0000000087e00000|  0%| F|  |TAMS 0x0000000087d00000, 0x0000000087d00000| Untracked 
| 108|0x0000000087e00000, 0x0000000087e00000, 0x0000000087f00000|  0%| F|  |TAMS 0x0000000087e00000, 0x0000000087e00000| Untracked 
| 109|0x0000000087f00000, 0x0000000087f00000, 0x0000000088000000|  0%| F|  |TAMS 0x0000000087f00000, 0x0000000087f00000| Untracked 
| 110|0x0000000088000000, 0x0000000088000000, 0x0000000088100000|  0%| F|  |TAMS 0x0000000088000000, 0x0000000088000000| Untracked 
| 111|0x0000000088100000, 0x0000000088100000, 0x0000000088200000|  0%| F|  |TAMS 0x0000000088100000, 0x0000000088100000| Untracked 
| 112|0x0000000088200000, 0x0000000088200000, 0x0000000088300000|  0%| F|  |TAMS 0x0000000088200000, 0x0000000088200000| Untracked 
| 113|0x0000000088300000, 0x0000000088300000, 0x0000000088400000|  0%| F|  |TAMS 0x0000000088300000, 0x0000000088300000| Untracked 
| 114|0x0000000088400000, 0x0000000088400000, 0x0000000088500000|  0%| F|  |TAMS 0x0000000088400000, 0x0000000088400000| Untracked 
| 115|0x0000000088500000, 0x0000000088500000, 0x0000000088600000|  0%| F|  |TAMS 0x0000000088500000, 0x0000000088500000| Untracked 
| 116|0x0000000088600000, 0x0000000088600000, 0x0000000088700000|  0%| F|  |TAMS 0x0000000088600000, 0x0000000088600000| Untracked 
| 117|0x0000000088700000, 0x0000000088700000, 0x0000000088800000|  0%| F|  |TAMS 0x0000000088700000, 0x0000000088700000| Untracked 
| 118|0x0000000088800000, 0x0000000088800000, 0x0000000088900000|  0%| F|  |TAMS 0x0000000088800000, 0x0000000088800000| Untracked 
| 119|0x0000000088900000, 0x0000000088900000, 0x0000000088a00000|  0%| F|  |TAMS 0x0000000088900000, 0x0000000088900000| Untracked 
| 120|0x0000000088a00000, 0x0000000088a00000, 0x0000000088b00000|  0%| F|  |TAMS 0x0000000088a00000, 0x0000000088a00000| Untracked 
| 121|0x0000000088b00000, 0x0000000088b00000, 0x0000000088c00000|  0%| F|  |TAMS 0x0000000088b00000, 0x0000000088b00000| Untracked 
| 122|0x0000000088c00000, 0x0000000088c00000, 0x0000000088d00000|  0%| F|  |TAMS 0x0000000088c00000, 0x0000000088c00000| Untracked 
| 123|0x0000000088d00000, 0x0000000088d00000, 0x0000000088e00000|  0%| F|  |TAMS 0x0000000088d00000, 0x0000000088d00000| Untracked 
| 124|0x0000000088e00000, 0x0000000088e00000, 0x0000000088f00000|  0%| F|  |TAMS 0x0000000088e00000, 0x0000000088e00000| Untracked 
| 125|0x0000000088f00000, 0x0000000088f00000, 0x0000000089000000|  0%| F|  |TAMS 0x0000000088f00000, 0x0000000088f00000| Untracked 
| 126|0x0000000089000000, 0x0000000089000000, 0x0000000089100000|  0%| F|  |TAMS 0x0000000089000000, 0x0000000089000000| Untracked 
| 127|0x0000000089100000, 0x0000000089100000, 0x0000000089200000|  0%| F|  |TAMS 0x0000000089100000, 0x0000000089100000| Untracked 

Card table byte_map: [0x0000016625cf0000,0x00000166260f0000] _byte_map_base: 0x00000166258e7000

Marking Bits (Prev, Next): (CMBitMap*) 0x000001660df6cef0, (CMBitMap*) 0x000001660df6ceb8
 Prev Bits: [0x00000166284b0000, 0x000001662a468000)
 Next Bits: [0x00000166264f0000, 0x00000166284a8000)

Polling page: 0x000001660e000000

Metaspace:

Usage:
  Non-class:     20.84 MB capacity,    20.46 MB ( 98%) used,   334.20 KB (  2%) free+waste,    59.75 KB ( <1%) overhead. 
      Class:      2.75 MB capacity,     2.54 MB ( 92%) used,   183.99 KB (  7%) free+waste,    29.31 KB (  1%) overhead. 
       Both:     23.59 MB capacity,    23.00 MB ( 97%) used,   518.19 KB (  2%) free+waste,    89.06 KB ( <1%) overhead. 

Virtual space:
  Non-class space:       22.00 MB reserved,      20.92 MB ( 95%) committed 
      Class space:        1.00 GB reserved,       2.82 MB ( <1%) committed 
             Both:        1.02 GB reserved,      23.75 MB (  2%) committed 

Chunk freelists:
   Non-Class:  2.38 KB
       Class:  0 bytes
        Both:  2.38 KB

CodeHeap 'non-profiled nmethods': size=120064Kb used=1001Kb max_used=1001Kb free=119062Kb
 bounds [0x000001661dd90000, 0x000001661e000000, 0x00000166252d0000]
CodeHeap 'profiled nmethods': size=120000Kb used=4487Kb max_used=4487Kb free=115512Kb
 bounds [0x0000016616860000, 0x0000016616cd0000, 0x000001661dd90000]
CodeHeap 'non-nmethods': size=5696Kb used=1114Kb max_used=1147Kb free=4581Kb
 bounds [0x00000166162d0000, 0x0000016616540000, 0x0000016616860000]
 total_blobs=3171 nmethods=2109 adapters=344
 compilation: enabled
              stopped_count=0, restarted_count=0
 full_count=0

Compilation events (10 events):
Event: 3.317 Thread 0x000001662ca9a000 2215       3       org.springframework.core.annotation.AnnotationTypeMapping$MirrorSets::resolve (109 bytes)
Event: 3.318 Thread 0x000001662ca9a000 nmethod 2215 0x0000016616cc0610 code [0x0000016616cc0820, 0x0000016616cc0ed0]
Event: 3.321 Thread 0x000001662ca9a000 2216       3       sun.net.www.protocol.jar.JarURLConnection::getInputStream (97 bytes)
Event: 3.322 Thread 0x000001662ca9a000 nmethod 2216 0x0000016616cc1290 code [0x0000016616cc15a0, 0x0000016616cc2530]
Event: 3.322 Thread 0x000001662ca9a000 2217       3       sun.net.www.protocol.jar.JarURLConnection$JarURLInputStream::<init> (11 bytes)
Event: 3.323 Thread 0x000001662ca9a000 nmethod 2217 0x0000016616cc2a90 code [0x0000016616cc2c60, 0x0000016616cc2f98]
Event: 3.323 Thread 0x000001662ca9a000 2218   !   3       sun.net.www.protocol.jar.JarURLConnection$JarURLInputStream::close (51 bytes)
Event: 3.323 Thread 0x000001662ca9a000 nmethod 2218 0x0000016616cc3090 code [0x0000016616cc32c0, 0x0000016616cc3a30]
Event: 3.325 Thread 0x000001662ca8f800 nmethod 2207 0x000001661de89690 code [0x000001661de89860, 0x000001661de8a298]
Event: 3.325 Thread 0x000001662ca8f800 2214       4       sun.nio.fs.WindowsPathParser::normalize (233 bytes)

GC Heap History (10 events):
Event: 0.635 GC heap after
{Heap after GC invocations=1 (full 0):
 garbage-first heap   total 131072K, used 5707K [0x0000000081200000, 0x0000000100000000)
  region size 1024K, 2 young (2048K), 2 survivors (2048K)
 Metaspace       used 9026K, capacity 9244K, committed 9344K, reserved 1058816K
  class space    used 807K, capacity 868K, committed 896K, reserved 1048576K
}
Event: 0.943 GC heap before
{Heap before GC invocations=1 (full 0):
 garbage-first heap   total 131072K, used 13899K [0x0000000081200000, 0x0000000100000000)
  region size 1024K, 10 young (10240K), 2 survivors (2048K)
 Metaspace       used 10954K, capacity 11156K, committed 11392K, reserved 1058816K
  class space    used 1044K, capacity 1103K, committed 1152K, reserved 1048576K
}
Event: 0.947 GC heap after
{Heap after GC invocations=2 (full 0):
 garbage-first heap   total 131072K, used 6315K [0x0000000081200000, 0x0000000100000000)
  region size 1024K, 1 young (1024K), 1 survivors (1024K)
 Metaspace       used 10954K, capacity 11156K, committed 11392K, reserved 1058816K
  class space    used 1044K, capacity 1103K, committed 1152K, reserved 1048576K
}
Event: 0.990 GC heap before
{Heap before GC invocations=2 (full 0):
 garbage-first heap   total 131072K, used 31915K [0x0000000081200000, 0x0000000100000000)
  region size 1024K, 27 young (27648K), 1 survivors (1024K)
 Metaspace       used 10954K, capacity 11156K, committed 11392K, reserved 1058816K
  class space    used 1044K, capacity 1103K, committed 1152K, reserved 1048576K
}
Event: 0.992 GC heap after
{Heap after GC invocations=3 (full 0):
 garbage-first heap   total 131072K, used 6346K [0x0000000081200000, 0x0000000100000000)
  region size 1024K, 1 young (1024K), 1 survivors (1024K)
 Metaspace       used 10954K, capacity 11156K, committed 11392K, reserved 1058816K
  class space    used 1044K, capacity 1103K, committed 1152K, reserved 1048576K
}
Event: 2.206 GC heap before
{Heap before GC invocations=3 (full 0):
 garbage-first heap   total 131072K, used 49354K [0x0000000081200000, 0x0000000100000000)
  region size 1024K, 44 young (45056K), 1 survivors (1024K)
 Metaspace       used 17794K, capacity 18248K, committed 18560K, reserved 1064960K
  class space    used 1915K, capacity 2082K, committed 2176K, reserved 1048576K
}
Event: 2.211 GC heap after
{Heap after GC invocations=4 (full 0):
 garbage-first heap   total 131072K, used 7638K [0x0000000081200000, 0x0000000100000000)
  region size 1024K, 2 young (2048K), 2 survivors (2048K)
 Metaspace       used 17794K, capacity 18248K, committed 18560K, reserved 1064960K
  class space    used 1915K, capacity 2082K, committed 2176K, reserved 1048576K
}
Event: 2.488 GC heap before
{Heap before GC invocations=4 (full 0):
 garbage-first heap   total 131072K, used 22998K [0x0000000081200000, 0x0000000100000000)
  region size 1024K, 18 young (18432K), 2 survivors (2048K)
 Metaspace       used 20782K, capacity 21212K, committed 21296K, reserved 1069056K
  class space    used 2249K, capacity 2430K, committed 2432K, reserved 1048576K
}
Event: 2.493 GC heap after
{Heap after GC invocations=5 (full 0):
 garbage-first heap   total 131072K, used 8159K [0x0000000081200000, 0x0000000100000000)
  region size 1024K, 3 young (3072K), 3 survivors (3072K)
 Metaspace       used 20782K, capacity 21212K, committed 21296K, reserved 1069056K
  class space    used 2249K, capacity 2430K, committed 2432K, reserved 1048576K
}
Event: 3.354 GC heap before
{Heap before GC invocations=6 (full 0):
 garbage-first heap   total 131072K, used 64479K [0x0000000081200000, 0x0000000100000000)
  region size 1024K, 58 young (59392K), 3 survivors (3072K)
 Metaspace       used 23550K, capacity 24158K, committed 24316K, reserved 1071104K
  class space    used 2603K, capacity 2817K, committed 2892K, reserved 1048576K
}

Deoptimization events (10 events):
Event: 2.387 Thread 0x000001662ee05000 Uncommon trap: reason=class_check action=maybe_recompile pc=0x000001661de07508 method=java.util.HashMap.putVal(ILjava/lang/Object;Ljava/lang/Object;ZZ)Ljava/lang/Object; @ 203 c2
Event: 2.610 Thread 0x000001662ee05000 Uncommon trap: reason=unstable_if action=reinterpret pc=0x000001661ddec398 method=java.util.concurrent.ConcurrentHashMap.get(Ljava/lang/Object;)Ljava/lang/Object; @ 76 c2
Event: 2.616 Thread 0x000001662e97a000 Uncommon trap: reason=unstable_if action=reinterpret pc=0x000001661ddfb3a4 method=jdk.internal.org.objectweb.asm.Type.getArgumentsAndReturnSizes(Ljava/lang/String;)I @ 47 c2
Event: 2.616 Thread 0x000001662e97a000 Uncommon trap: reason=unstable_if action=reinterpret pc=0x000001661de2e178 method=jdk.internal.org.objectweb.asm.Frame.push(Ljdk/internal/org/objectweb/asm/ClassWriter;Ljava/lang/String;)V @ 18 c2
Event: 2.681 Thread 0x000001662ee05000 Uncommon trap: reason=unstable_if action=reinterpret pc=0x000001661dda77ac method=java.util.zip.ZipFile$Source.getEntryPos([BZ)I @ 156 c2
Event: 2.682 Thread 0x000001662ee05000 Uncommon trap: reason=unstable_if action=reinterpret pc=0x000001661ddc7938 method=java.util.jar.JarFile.getVersionedEntry(Ljava/lang/String;Ljava/util/jar/JarEntry;)Ljava/util/jar/JarEntry; @ 67 c2
Event: 2.682 Thread 0x000001662ee05000 Uncommon trap: reason=unstable_if action=reinterpret pc=0x000001661ddde798 method=java.util.jar.JarFile.getVersionedEntry(Ljava/lang/String;Ljava/util/jar/JarEntry;)Ljava/util/jar/JarEntry; @ 67 c2
Event: 2.697 Thread 0x000001662ee05000 Uncommon trap: reason=unstable_if action=reinterpret pc=0x000001661ddd0830 method=java.util.jar.JarFile.getVersionedEntry(Ljava/lang/String;Ljava/util/jar/JarEntry;)Ljava/util/jar/JarEntry; @ 7 c2
Event: 2.737 Thread 0x000001662ee05000 Uncommon trap: reason=intrinsic_or_type_checked_inlining action=make_not_entrant pc=0x000001661de53af8 method=java.util.Arrays.copyOf([Ljava/lang/Object;ILjava/lang/Class;)[Ljava/lang/Object; @ 35 c2
Event: 3.165 Thread 0x000001662ee05000 Uncommon trap: reason=unstable_if action=reinterpret pc=0x000001661de68c70 method=java.lang.String.<init>([CIILjava/lang/Void;)V @ 5 c2

Classes redefined (0 events):
No events

Internal exceptions (10 events):
Event: 2.638 Thread 0x000001662ee05000 Exception <a 'java/lang/ClassNotFoundException'{0x0000000088878148}: org/springframework/beans/factory/config/BeanFactoryPostProcessorCustomizer> (0x0000000088878148) thrown at [t:/workspace/open/src/hotspot/share/classfile/systemDictionary.cpp, line 231]
Event: 2.639 Thread 0x000001662ee05000 Exception <a 'java/lang/ClassNotFoundException'{0x00000000888840f0}: org/springframework/core/PriorityOrderedCustomizer> (0x00000000888840f0) thrown at [t:/workspace/open/src/hotspot/share/classfile/systemDictionary.cpp, line 231]
Event: 2.639 Thread 0x000001662ee05000 Exception <a 'java/lang/ClassNotFoundException'{0x000000008888e310}: org/springframework/core/OrderedCustomizer> (0x000000008888e310) thrown at [t:/workspace/open/src/hotspot/share/classfile/systemDictionary.cpp, line 231]
Event: 2.640 Thread 0x000001662ee05000 Exception <a 'java/lang/ClassNotFoundException'{0x000000008889a960}: org/springframework/context/ResourceLoaderAwareCustomizer> (0x000000008889a960) thrown at [t:/workspace/open/src/hotspot/share/classfile/systemDictionary.cpp, line 231]
Event: 2.641 Thread 0x000001662ee05000 Exception <a 'java/lang/ClassNotFoundException'{0x00000000888a65c0}: org/springframework/beans/factory/AwareCustomizer> (0x00000000888a65c0) thrown at [t:/workspace/open/src/hotspot/share/classfile/systemDictionary.cpp, line 231]
Event: 2.642 Thread 0x000001662ee05000 Exception <a 'java/lang/ClassNotFoundException'{0x00000000888b28b0}: org/springframework/beans/factory/BeanClassLoaderAwareCustomizer> (0x00000000888b28b0) thrown at [t:/workspace/open/src/hotspot/share/classfile/systemDictionary.cpp, line 231]
Event: 2.643 Thread 0x000001662ee05000 Exception <a 'java/lang/ClassNotFoundException'{0x00000000888be528}: org/springframework/beans/factory/AwareCustomizer> (0x00000000888be528) thrown at [t:/workspace/open/src/hotspot/share/classfile/systemDictionary.cpp, line 231]
Event: 2.644 Thread 0x000001662ee05000 Exception <a 'java/lang/ClassNotFoundException'{0x00000000888c99e0}: org/springframework/context/EnvironmentAwareCustomizer> (0x00000000888c99e0) thrown at [t:/workspace/open/src/hotspot/share/classfile/systemDictionary.cpp, line 231]
Event: 2.645 Thread 0x000001662ee05000 Exception <a 'java/lang/ClassNotFoundException'{0x00000000888d55a8}: org/springframework/beans/factory/AwareCustomizer> (0x00000000888d55a8) thrown at [t:/workspace/open/src/hotspot/share/classfile/systemDictionary.cpp, line 231]
Event: 2.659 Thread 0x000001662e97a000 Exception <a 'java/lang/NoSuchMethodError'{0x00000000887ea098}: java.lang.invoke.DirectMethodHandle$Holder.invokeVirtual(Ljava/lang/Object;Ljava/lang/Object;Ljava/lang/Object;Ljava/lang/Object;)Ljava/lang/Object;> (0x00000000887ea098) thrown at [t:/worksp

Events (10 events):
Event: 3.310 Thread 0x000001662ee05000 DEOPT UNPACKING pc=0x00000166162f8d4e sp=0x000000436fcfc7d8 mode 0
Event: 3.314 loading class com/fasterxml/jackson/databind/annotation/JacksonStdImpl
Event: 3.314 loading class com/fasterxml/jackson/databind/annotation/JacksonStdImpl done
Event: 3.314 Executing VM operation: RevokeBias
Event: 3.314 Executing VM operation: RevokeBias done
Event: 3.322 Thread 0x000001662ee05000 DEOPT PACKING pc=0x00000166169f3f6c sp=0x000000436fcfd0a0
Event: 3.322 Thread 0x000001662ee05000 DEOPT UNPACKING pc=0x00000166162f8d4e sp=0x000000436fcfc640 mode 0
Event: 3.341 Thread 0x000001662ee05000 DEOPT PACKING pc=0x0000016616c1ce51 sp=0x000000436fcfd2a0
Event: 3.341 Thread 0x000001662ee05000 DEOPT UNPACKING pc=0x00000166162f8d4e sp=0x000000436fcfc768 mode 0
Event: 3.354 Executing VM operation: G1CollectForAllocation


Dynamic libraries:
0x00007ff762a90000 - 0x00007ff762ad5000 	C:\Program Files\Java\jdk-11.0.2\bin\javaw.exe
0x00007ffe84a20000 - 0x00007ffe84c10000 	C:\WINDOWS\SYSTEM32\ntdll.dll
0x00007ffe83600000 - 0x00007ffe836b2000 	C:\WINDOWS\System32\KERNEL32.DLL
0x00007ffe81be0000 - 0x00007ffe81e85000 	C:\WINDOWS\System32\KERNELBASE.dll
0x00007ffe82b50000 - 0x00007ffe82ce4000 	C:\WINDOWS\System32\USER32.dll
0x00007ffe81e90000 - 0x00007ffe81eb1000 	C:\WINDOWS\System32\win32u.dll
0x00007ffe84690000 - 0x00007ffe846b6000 	C:\WINDOWS\System32\GDI32.dll
0x00007ffe826e0000 - 0x00007ffe82876000 	C:\WINDOWS\System32\gdi32full.dll
0x00007ffe81b40000 - 0x00007ffe81bde000 	C:\WINDOWS\System32\msvcp_win.dll
0x00007ffe82880000 - 0x00007ffe8297a000 	C:\WINDOWS\System32\ucrtbase.dll
0x00007ffe62c30000 - 0x00007ffe62eb4000 	C:\WINDOWS\WinSxS\amd64_microsoft.windows.common-controls_6595b64144ccf1df_6.0.18362.1256_none_9e7e379be45e40e2\COMCTL32.dll
0x00007ffe82ec0000 - 0x00007ffe82f5e000 	C:\WINDOWS\System32\msvcrt.dll
0x00007ffe83230000 - 0x00007ffe83566000 	C:\WINDOWS\System32\combase.dll
0x00007ffe83070000 - 0x00007ffe83190000 	C:\WINDOWS\System32\RPCRT4.dll
0x00007ffe819b0000 - 0x00007ffe81a31000 	C:\WINDOWS\System32\bcryptPrimitives.dll
0x00007ffe849b0000 - 0x00007ffe849de000 	C:\WINDOWS\System32\IMM32.DLL
0x00007ffe7bc50000 - 0x00007ffe7bc66000 	C:\Program Files\Java\jdk-11.0.2\bin\vcruntime140.dll
0x00007ffe5db40000 - 0x00007ffe5dbea000 	C:\Program Files\Java\jdk-11.0.2\bin\msvcp140.dll
0x00007ffe426c0000 - 0x00007ffe431e3000 	C:\Program Files\Java\jdk-11.0.2\bin\server\jvm.dll
0x00007ffe84720000 - 0x00007ffe847c3000 	C:\WINDOWS\System32\ADVAPI32.dll
0x00007ffe83190000 - 0x00007ffe83227000 	C:\WINDOWS\System32\sechost.dll
0x00007ffe82de0000 - 0x00007ffe82de8000 	C:\WINDOWS\System32\PSAPI.DLL
0x00007ffe6a610000 - 0x00007ffe6a619000 	C:\WINDOWS\SYSTEM32\WSOCK32.dll
0x00007ffe83590000 - 0x00007ffe835ff000 	C:\WINDOWS\System32\WS2_32.dll
0x00007ffe7f990000 - 0x00007ffe7f9b4000 	C:\WINDOWS\SYSTEM32\WINMM.dll
0x00007ffe7b890000 - 0x00007ffe7b89a000 	C:\WINDOWS\SYSTEM32\VERSION.dll
0x00007ffe7f960000 - 0x00007ffe7f98d000 	C:\WINDOWS\SYSTEM32\WINMMBASE.dll
0x00007ffe81af0000 - 0x00007ffe81b3a000 	C:\WINDOWS\System32\cfgmgr32.dll
0x00007ffe818d0000 - 0x00007ffe818e1000 	C:\WINDOWS\System32\kernel.appcore.dll
0x00007ffe79e70000 - 0x00007ffe79e81000 	C:\Program Files\Java\jdk-11.0.2\bin\verify.dll
0x00007ffe6acb0000 - 0x00007ffe6aea4000 	C:\WINDOWS\SYSTEM32\DBGHELP.DLL
0x00007ffe69cd0000 - 0x00007ffe69cfa000 	C:\WINDOWS\SYSTEM32\dbgcore.DLL
0x00007ffe69840000 - 0x00007ffe69868000 	C:\Program Files\Java\jdk-11.0.2\bin\java.dll
0x00007ffe79e10000 - 0x00007ffe79e26000 	C:\Program Files\Java\jdk-11.0.2\bin\zip.dll
0x00007ffe7c5c0000 - 0x00007ffe7c5ca000 	C:\Program Files\Java\jdk-11.0.2\bin\jimage.dll
0x00007ffe83df0000 - 0x00007ffe844d7000 	C:\WINDOWS\System32\SHELL32.dll
0x00007ffe82fc0000 - 0x00007ffe83069000 	C:\WINDOWS\System32\shcore.dll
0x00007ffe81f50000 - 0x00007ffe826d1000 	C:\WINDOWS\System32\windows.storage.dll
0x00007ffe81960000 - 0x00007ffe81983000 	C:\WINDOWS\System32\profapi.dll
0x00007ffe818f0000 - 0x00007ffe8193a000 	C:\WINDOWS\System32\powrprof.dll
0x00007ffe818c0000 - 0x00007ffe818d0000 	C:\WINDOWS\System32\UMPDC.dll
0x00007ffe83870000 - 0x00007ffe838c2000 	C:\WINDOWS\System32\shlwapi.dll
0x00007ffe81990000 - 0x00007ffe819a7000 	C:\WINDOWS\System32\cryptsp.dll
0x00007ffe6b490000 - 0x00007ffe6b4a9000 	C:\Program Files\Java\jdk-11.0.2\bin\net.dll
0x00007ffe70180000 - 0x00007ffe70356000 	C:\WINDOWS\SYSTEM32\urlmon.dll
0x00007ffe77f50000 - 0x00007ffe78040000 	C:\WINDOWS\SYSTEM32\WINHTTP.dll
0x00007ffe716c0000 - 0x00007ffe71967000 	C:\WINDOWS\SYSTEM32\iertutil.dll
0x00007ffe811e0000 - 0x00007ffe811ec000 	C:\WINDOWS\SYSTEM32\CRYPTBASE.DLL
0x00007ffe81060000 - 0x00007ffe810c7000 	C:\WINDOWS\system32\mswsock.dll
0x00007ffe6ab60000 - 0x00007ffe6ab73000 	C:\Program Files\Java\jdk-11.0.2\bin\nio.dll
0x00007ffe7bd20000 - 0x00007ffe7bd29000 	C:\Program Files\Java\jdk-11.0.2\bin\management.dll
0x00007ffe7a7b0000 - 0x00007ffe7a7bc000 	C:\Program Files\Java\jdk-11.0.2\bin\management_ext.dll
0x00007ffe7b870000 - 0x00007ffe7b886000 	C:\WINDOWS\system32\napinsp.dll
0x00007ffe79c40000 - 0x00007ffe79c5a000 	C:\WINDOWS\system32\pnrpnsp.dll
0x00007ffe80dc0000 - 0x00007ffe80e8b000 	C:\WINDOWS\SYSTEM32\DNSAPI.dll
0x00007ffe83570000 - 0x00007ffe83578000 	C:\WINDOWS\System32\NSI.dll
0x00007ffe80d80000 - 0x00007ffe80dba000 	C:\WINDOWS\SYSTEM32\IPHLPAPI.DLL
0x00007ffe7c2b0000 - 0x00007ffe7c2be000 	C:\WINDOWS\System32\winrnr.dll
0x00007ffe7d570000 - 0x00007ffe7d58c000 	C:\WINDOWS\system32\NLAapi.dll
0x00007ffe7d370000 - 0x00007ffe7d385000 	C:\WINDOWS\system32\wshbth.dll
0x00007ffe71490000 - 0x00007ffe7149a000 	C:\Windows\System32\rasadhlp.dll
0x00007ffe77ba0000 - 0x00007ffe77c17000 	C:\WINDOWS\System32\fwpuclnt.dll
0x00007ffe81f20000 - 0x00007ffe81f46000 	C:\WINDOWS\System32\bcrypt.dll

dbghelp: loaded successfully - version: 4.0.5 - missing functions: none
symbol engine: initialized successfully - sym options: 0x614 - pdb path: .;C:\Program Files\Java\jdk-11.0.2\bin;C:\WINDOWS\SYSTEM32;C:\WINDOWS\WinSxS\amd64_microsoft.windows.common-controls_6595b64144ccf1df_6.0.18362.1256_none_9e7e379be45e40e2;C:\Program Files\Java\jdk-11.0.2\bin\server

VM Arguments:
jvm_args: -Dfile.encoding=UTF-8 
java_command: com.ProjetoKellyEpompeaLojaUnitApplication
java_class_path (initial): C:\AULAS UNIT\ProjetoKellyLojaUnit\target\classes;C:\Users\PMRecife\.m2\repository\org\springframework\boot\spring-boot-starter-data-jpa\2.3.4.RELEASE\spring-boot-starter-data-jpa-2.3.4.RELEASE.jar;C:\Users\PMRecife\.m2\repository\org\springframework\boot\spring-boot-starter-aop\2.3.4.RELEASE\spring-boot-starter-aop-2.3.4.RELEASE.jar;C:\Users\PMRecife\.m2\repository\org\springframework\spring-aop\5.2.9.RELEASE\spring-aop-5.2.9.RELEASE.jar;C:\Users\PMRecife\.m2\repository\org\aspectj\aspectjweaver\1.9.6\aspectjweaver-1.9.6.jar;C:\Users\PMRecife\.m2\repository\org\springframework\boot\spring-boot-starter-jdbc\2.3.4.RELEASE\spring-boot-starter-jdbc-2.3.4.RELEASE.jar;C:\Users\PMRecife\.m2\repository\com\zaxxer\HikariCP\3.4.5\HikariCP-3.4.5.jar;C:\Users\PMRecife\.m2\repository\org\springframework\spring-jdbc\5.2.9.RELEASE\spring-jdbc-5.2.9.RELEASE.jar;C:\Users\PMRecife\.m2\repository\jakarta\transaction\jakarta.transaction-api\1.3.3\jakarta.transaction-api-1.3.3.jar;C:\Users\PMRecife\.m2\repository\jakarta\persistence\jakarta.persistence-api\2.2.3\jakarta.persistence-api-2.2.3.jar;C:\Users\PMRecife\.m2\repository\org\hibernate\hibernate-core\5.4.21.Final\hibernate-core-5.4.21.Final.jar;C:\Users\PMRecife\.m2\repository\org\jboss\logging\jboss-logging\3.4.1.Final\jboss-logging-3.4.1.Final.jar;C:\Users\PMRecife\.m2\repository\org\javassist\javassist\3.24.0-GA\javassist-3.24.0-GA.jar;C:\Users\PMRecife\.m2\repository\net\bytebuddy\byte-buddy\1.10.14\byte-buddy-1.10.14.jar;C:\Users\PMRecife\.m2\repository\antlr\antlr\2.7.7\antlr-2.7.7.jar;C:\Users\PMRecife\.m2\repository\org\jboss\jandex\2.1.3.Final\jandex-2.1.3.Final.jar;C:\Users\PMRecife\.m2\repository\com\fasterxml\classmate\1.5.1\classmate-1.5.1.jar;C:\Users\PMRecife\.m2\repository\org\dom4j\dom4j\2.1.3\dom4j-2.1.3.jar;C:\Users\PMRecife\.m2\repository\org\hibernate\common\hibernate-commons-annotations\5.1.0.Final\hibernate-commons-annotations-5.1.0.Final.jar;C:\Users\PMRecife\.m2\repository\org
Launcher Type: SUN_STANDARD

[Global flags]
     intx CICompilerCount                          = 3                                         {product} {ergonomic}
     uint ConcGCThreads                            = 1                                         {product} {ergonomic}
     uint G1ConcRefinementThreads                  = 4                                         {product} {ergonomic}
   size_t G1HeapRegionSize                         = 1048576                                   {product} {ergonomic}
    uintx GCDrainStackTargetSize                   = 64                                        {product} {ergonomic}
   size_t InitialHeapSize                          = 134217728                                 {product} {ergonomic}
   size_t MarkStackSize                            = 4194304                                   {product} {ergonomic}
   size_t MaxHeapSize                              = 2128609280                                {product} {ergonomic}
   size_t MaxNewSize                               = 1277165568                                {product} {ergonomic}
   size_t MinHeapDeltaBytes                        = 1048576                                   {product} {ergonomic}
    uintx NonNMethodCodeHeapSize                   = 5830092                                {pd product} {ergonomic}
    uintx NonProfiledCodeHeapSize                  = 122914074                              {pd product} {ergonomic}
    uintx ProfiledCodeHeapSize                     = 122914074                              {pd product} {ergonomic}
    uintx ReservedCodeCacheSize                    = 251658240                              {pd product} {ergonomic}
     bool SegmentedCodeCache                       = true                                      {product} {ergonomic}
     bool UseCompressedClassPointers               = true                                 {lp64_product} {ergonomic}
     bool UseCompressedOops                        = true                                 {lp64_product} {ergonomic}
     bool UseG1GC                                  = true                                      {product} {ergonomic}
     bool UseLargePagesIndividualAllocation        = false                                  {pd product} {ergonomic}

Logging:
Log output configuration:
 #0: stdout all=warning uptime,level,tags
 #1: stderr all=off uptime,level,tags

Environment Variables:
JAVA_HOME=C:\Program Files\Java\jdk-11.0.2
PATH=C:/Program Files/Java/jdk-11.0.2/bin/server;C:/Program Files/Java/jdk-11.0.2/bin;%M2_home%\bin;C:\Program Files\Git\cmd;C:\Program Files\Java\jdk-11.0.2\bin;C:\Program Files\Java\jdk-11.0.2;C:\apache-maven-3.6.3\bin;C:\APPs\apache-tomcat-7.0.104\bin;C:\Program Files\heroku\bin;C:\Users\PMRecife\AppData\Local\Programs\Microsoft VS Code\bin;C:\Users\PMRecife\AppData\Roaming\npm;C:\Users\PMRecife\AppData\Local\GitHubDesktop\bin;;C:\WINDOWS\system32;
USERNAME=Professor
OS=Windows_NT
PROCESSOR_IDENTIFIER=Intel64 Family 6 Model 142 Stepping 9, GenuineIntel



---------------  S Y S T E M  ---------------

OS: Windows 10 , 64 bit Build 18362 (10.0.18362.1110)

CPU:total 4 (initial active 4) (2 cores per cpu, 2 threads per core) family 6 model 142 stepping 9, cmov, cx8, fxsr, mmx, sse, sse2, sse3, ssse3, sse4.1, sse4.2, popcnt, avx, avx2, aes, clmul, erms, 3dnowpref, lzcnt, ht, tsc, tscinvbit, bmi1, bmi2, adx, fma

Memory: 4k page, system-wide physical 8113M (1073M free)
TotalPageFile size 10023M (AvailPageFile size 18M)
current process WorkingSet (physical memory assigned to process): 170M, peak: 170M
current process commit charge ("private bytes"): 264M, peak: 288M

vm_info: OpenJDK 64-Bit Server VM (11.0.2+9) for windows-amd64 JRE (11.0.2+9), built on Jan 18 2019 05:23:22 by "mach5one" with MS VC++ 15.5 (VS2017)

END.
