#
# There is insufficient memory for the Java Runtime Environment to continue.
# Native memory allocation (malloc) failed to allocate 32784 bytes for Chunk::new
# Possible reasons:
#   The system is out of physical RAM or swap space
#   The process is running with CompressedOops enabled, and the Java Heap may be blocking the growth of the native heap
# Possible solutions:
#   Reduce memory load on the system
#   Increase physical memory or swap space
#   Check if swap backing store is full
#   Decrease Java heap size (-Xmx/-Xms)
#   Decrease number of Java threads
#   Decrease Java thread stack sizes (-Xss)
#   Set larger code cache with -XX:ReservedCodeCacheSize=
#   JVM is running with Unscaled Compressed Oops mode in which the Java heap is
#     placed in the first 4GB address space. The Java Heap base address is the
#     maximum limit for the native heap growth. Please use -XX:HeapBaseMinAddress
#     to set the Java Heap base and to place the Java Heap above 4GB virtual address.
# This output file may be truncated or incomplete.
#
#  Out of Memory Error (t:/workspace/open/src/hotspot/share/memory/arena.cpp:197), pid=21640, tid=13112
#
# JRE version: OpenJDK Runtime Environment (11.0.2+9) (build 11.0.2+9)
# Java VM: OpenJDK 64-Bit Server VM (11.0.2+9, mixed mode, tiered, compressed oops, g1 gc, windows-amd64)
# No core dump will be written. Minidumps are not enabled by default on client versions of Windows
#

---------------  S U M M A R Y ------------

Command Line: -Dfile.encoding=UTF-8 com.ProjetoKellyEpompeaLojaUnitApplication

Host: Intel(R) Core(TM) i3-7100U CPU @ 2.40GHz, 4 cores, 7G,  Windows 10 , 64 bit Build 18362 (10.0.18362.1110)
Time: Tue Jan 19 22:36:07 2021 Hora oficial do Brasil elapsed time: 4 seconds (0d 0h 0m 4s)

---------------  T H R E A D  ---------------

Current thread (0x0000027db8190000):  JavaThread "C2 CompilerThread1" daemon [_thread_in_native, id=13112, stack(0x000000d851500000,0x000000d851600000)]


Current CompileTask:
C2:   4047 2295       4       org.springframework.asm.ClassReader::accept (1373 bytes)

Stack: [0x000000d851500000,0x000000d851600000]
Native frames: (J=compiled Java code, j=interpreted, Vv=VM code, C=native code)
V  [jvm.dll+0x63489a]
V  [jvm.dll+0x771f9f]
V  [jvm.dll+0x773648]
V  [jvm.dll+0x773d03]
V  [jvm.dll+0x25eba8]
V  [jvm.dll+0xc2191]
V  [jvm.dll+0xc271c]
V  [jvm.dll+0xc2270]
V  [jvm.dll+0x613baf]
V  [jvm.dll+0x53fb8e]
V  [jvm.dll+0x53f7e3]
V  [jvm.dll+0x53f5d3]
V  [jvm.dll+0x5419cd]
V  [jvm.dll+0x541206]
V  [jvm.dll+0x5409cf]
V  [jvm.dll+0x540996]
V  [jvm.dll+0x5409e3]
V  [jvm.dll+0x540996]
V  [jvm.dll+0x5409e3]
V  [jvm.dll+0x5409e3]
V  [jvm.dll+0x5409e3]
V  [jvm.dll+0x5409e3]
V  [jvm.dll+0x5409e3]
V  [jvm.dll+0x5409e3]
V  [jvm.dll+0x5409e3]
V  [jvm.dll+0x5409e3]
V  [jvm.dll+0x5409e3]
V  [jvm.dll+0x5409e3]
V  [jvm.dll+0x5409e3]
V  [jvm.dll+0x5409e3]
V  [jvm.dll+0x551997]
V  [jvm.dll+0x21a4b9]
V  [jvm.dll+0x217a46]
V  [jvm.dll+0x194370]
V  [jvm.dll+0x226b3f]
V  [jvm.dll+0x225148]
V  [jvm.dll+0x73774d]
V  [jvm.dll+0x633942]
C  [ucrtbase.dll+0x210b2]
C  [KERNEL32.DLL+0x17c24]
C  [ntdll.dll+0x6d4d1]


---------------  P R O C E S S  ---------------

Threads class SMR info:
_java_thread_list=0x0000027db924afa0, length=11, elements={
0x0000027d98d75800, 0x0000027db70ee000, 0x0000027db791d000, 0x0000027db7975800,
0x0000027db797a000, 0x0000027db797e000, 0x0000027db79d4000, 0x0000027db79d6000,
0x0000027db7ae8000, 0x0000027db7adb800, 0x0000027db8190000
}

Java Threads: ( => current thread )
  0x0000027d98d75800 JavaThread "main" [_thread_blocked, id=5500, stack(0x000000d850400000,0x000000d850500000)]
  0x0000027db70ee000 JavaThread "Reference Handler" daemon [_thread_blocked, id=19532, stack(0x000000d850b00000,0x000000d850c00000)]
  0x0000027db791d000 JavaThread "Finalizer" daemon [_thread_blocked, id=11520, stack(0x000000d850c00000,0x000000d850d00000)]
  0x0000027db7975800 JavaThread "Signal Dispatcher" daemon [_thread_blocked, id=13016, stack(0x000000d850d00000,0x000000d850e00000)]
  0x0000027db797a000 JavaThread "Attach Listener" daemon [_thread_blocked, id=14036, stack(0x000000d850e00000,0x000000d850f00000)]
  0x0000027db797e000 JavaThread "C2 CompilerThread0" daemon [_thread_in_native, id=14812, stack(0x000000d850f00000,0x000000d851000000)]
  0x0000027db79d4000 JavaThread "C1 CompilerThread0" daemon [_thread_blocked, id=24128, stack(0x000000d851000000,0x000000d851100000)]
  0x0000027db79d6000 JavaThread "Sweeper thread" daemon [_thread_blocked, id=4616, stack(0x000000d851100000,0x000000d851200000)]
  0x0000027db7ae8000 JavaThread "Service Thread" daemon [_thread_blocked, id=14832, stack(0x000000d851200000,0x000000d851300000)]
  0x0000027db7adb800 JavaThread "Common-Cleaner" daemon [_thread_blocked, id=23420, stack(0x000000d851400000,0x000000d851500000)]
=>0x0000027db8190000 JavaThread "C2 CompilerThread1" daemon [_thread_in_native, id=13112, stack(0x000000d851500000,0x000000d851600000)]

Other Threads:
  0x0000027db70e8000 VMThread "VM Thread" [stack: 0x000000d850a00000,0x000000d850b00000] [id=4892]
  0x0000027db7ae9800 WatcherThread [stack: 0x000000d851300000,0x000000d851400000] [id=14700]
  0x0000027d98d8a000 GCTaskThread "GC Thread#0" [stack: 0x000000d850500000,0x000000d850600000] [id=3128]
  0x0000027db84a9000 GCTaskThread "GC Thread#1" [stack: 0x000000d851600000,0x000000d851700000] [id=8688]
  0x0000027db8188800 GCTaskThread "GC Thread#2" [stack: 0x000000d851700000,0x000000d851800000] [id=24572]
  0x0000027db8de3800 GCTaskThread "GC Thread#3" [stack: 0x000000d851b00000,0x000000d851c00000] [id=12784]
  0x0000027d98db9800 ConcurrentGCThread "G1 Main Marker" [stack: 0x000000d850600000,0x000000d850700000] [id=1276]
  0x0000027d98dbd000 ConcurrentGCThread "G1 Conc#0" [stack: 0x000000d850700000,0x000000d850800000] [id=6648]
  0x0000027db6f4b800 ConcurrentGCThread "G1 Refine#0" [stack: 0x000000d850800000,0x000000d850900000] [id=23248]
  0x0000027db6f51000 ConcurrentGCThread "G1 Young RemSet Sampling" [stack: 0x000000d850900000,0x000000d850a00000] [id=21856]

Threads with active compile tasks:
C2 CompilerThread02307       4       java.util.StringTokenizer::nextToken (92 bytes)
C2 CompilerThread12295       4       org.springframework.asm.ClassReader::accept (1373 bytes)

VM state:not at safepoint (normal execution)

VM Mutex/Monitor currently owned by a thread: None

OutOfMemory and StackOverflow Exception counts:
OutOfMemoryError java_heap_errors=1
LinkageErrors=39

Heap address: 0x0000000081200000, size: 2030 MB, Compressed Oops mode: 32-bit
Narrow klass base: 0x0000000000000000, Narrow klass shift: 3
Compressed class space size: 1073741824 Address: 0x0000000100000000

Heap:
 garbage-first heap   total 131072K, used 65981K [0x0000000081200000, 0x0000000100000000)
  region size 1024K, 60 young (61440K), 4 survivors (4096K)
 Metaspace       used 23808K, capacity 24389K, committed 24572K, reserved 1071104K
  class space    used 2614K, capacity 2827K, committed 2892K, reserved 1048576K
Heap Regions: E=young(eden), S=young(survivor), O=old, HS=humongous(starts), HC=humongous(continues), CS=collection set, F=free, A=archive, TAMS=top-at-mark-start (previous, next)
|   0|0x0000000081200000, 0x0000000081300000, 0x0000000081300000|100%|HS|  |TAMS 0x0000000081300000, 0x0000000081200000| Complete 
|   1|0x0000000081300000, 0x0000000081400000, 0x0000000081400000|100%| O|  |TAMS 0x0000000081400000, 0x0000000081300000| Untracked 
|   2|0x0000000081400000, 0x0000000081500000, 0x0000000081500000|100%| O|  |TAMS 0x0000000081500000, 0x0000000081400000| Untracked 
|   3|0x0000000081500000, 0x0000000081600000, 0x0000000081600000|100%| O|  |TAMS 0x0000000081600000, 0x0000000081500000| Untracked 
|   4|0x0000000081600000, 0x0000000081700000, 0x0000000081700000|100%| O|  |TAMS 0x0000000081700000, 0x0000000081600000| Untracked 
|   5|0x0000000081700000, 0x000000008178de00, 0x0000000081800000| 55%| O|  |TAMS 0x000000008178de00, 0x0000000081700000| Untracked 
|   6|0x0000000081800000, 0x0000000081800000, 0x0000000081900000|  0%| F|  |TAMS 0x0000000081800000, 0x0000000081800000| Untracked 
|   7|0x0000000081900000, 0x0000000081900000, 0x0000000081a00000|  0%| F|  |TAMS 0x0000000081900000, 0x0000000081900000| Untracked 
|   8|0x0000000081a00000, 0x0000000081a00000, 0x0000000081b00000|  0%| F|  |TAMS 0x0000000081a00000, 0x0000000081a00000| Untracked 
|   9|0x0000000081b00000, 0x0000000081b00000, 0x0000000081c00000|  0%| F|  |TAMS 0x0000000081b00000, 0x0000000081b00000| Untracked 
|  10|0x0000000081c00000, 0x0000000081c00000, 0x0000000081d00000|  0%| F|  |TAMS 0x0000000081c00000, 0x0000000081c00000| Untracked 
|  11|0x0000000081d00000, 0x0000000081d00000, 0x0000000081e00000|  0%| F|  |TAMS 0x0000000081d00000, 0x0000000081d00000| Untracked 
|  12|0x0000000081e00000, 0x0000000081e00000, 0x0000000081f00000|  0%| F|  |TAMS 0x0000000081e00000, 0x0000000081e00000| Untracked 
|  13|0x0000000081f00000, 0x0000000081f00000, 0x0000000082000000|  0%| F|  |TAMS 0x0000000081f00000, 0x0000000081f00000| Untracked 
|  14|0x0000000082000000, 0x0000000082000000, 0x0000000082100000|  0%| F|  |TAMS 0x0000000082000000, 0x0000000082000000| Untracked 
|  15|0x0000000082100000, 0x0000000082100000, 0x0000000082200000|  0%| F|  |TAMS 0x0000000082100000, 0x0000000082100000| Untracked 
|  16|0x0000000082200000, 0x0000000082200000, 0x0000000082300000|  0%| F|  |TAMS 0x0000000082200000, 0x0000000082200000| Untracked 
|  17|0x0000000082300000, 0x0000000082300000, 0x0000000082400000|  0%| F|  |TAMS 0x0000000082300000, 0x0000000082300000| Untracked 
|  18|0x0000000082400000, 0x0000000082400000, 0x0000000082500000|  0%| F|  |TAMS 0x0000000082400000, 0x0000000082400000| Untracked 
|  19|0x0000000082500000, 0x0000000082500000, 0x0000000082600000|  0%| F|  |TAMS 0x0000000082500000, 0x0000000082500000| Untracked 
|  20|0x0000000082600000, 0x0000000082600000, 0x0000000082700000|  0%| F|  |TAMS 0x0000000082600000, 0x0000000082600000| Untracked 
|  21|0x0000000082700000, 0x0000000082700000, 0x0000000082800000|  0%| F|  |TAMS 0x0000000082700000, 0x0000000082700000| Untracked 
|  22|0x0000000082800000, 0x0000000082800000, 0x0000000082900000|  0%| F|  |TAMS 0x0000000082800000, 0x0000000082800000| Untracked 
|  23|0x0000000082900000, 0x0000000082900000, 0x0000000082a00000|  0%| F|  |TAMS 0x0000000082900000, 0x0000000082900000| Untracked 
|  24|0x0000000082a00000, 0x0000000082a00000, 0x0000000082b00000|  0%| F|  |TAMS 0x0000000082a00000, 0x0000000082a00000| Untracked 
|  25|0x0000000082b00000, 0x0000000082b00000, 0x0000000082c00000|  0%| F|  |TAMS 0x0000000082b00000, 0x0000000082b00000| Untracked 
|  26|0x0000000082c00000, 0x0000000082c00000, 0x0000000082d00000|  0%| F|  |TAMS 0x0000000082c00000, 0x0000000082c00000| Untracked 
|  27|0x0000000082d00000, 0x0000000082d00000, 0x0000000082e00000|  0%| F|  |TAMS 0x0000000082d00000, 0x0000000082d00000| Untracked 
|  28|0x0000000082e00000, 0x0000000082e00000, 0x0000000082f00000|  0%| F|  |TAMS 0x0000000082e00000, 0x0000000082e00000| Untracked 
|  29|0x0000000082f00000, 0x0000000082f00000, 0x0000000083000000|  0%| F|  |TAMS 0x0000000082f00000, 0x0000000082f00000| Untracked 
|  30|0x0000000083000000, 0x0000000083000000, 0x0000000083100000|  0%| F|  |TAMS 0x0000000083000000, 0x0000000083000000| Untracked 
|  31|0x0000000083100000, 0x0000000083100000, 0x0000000083200000|  0%| F|  |TAMS 0x0000000083100000, 0x0000000083100000| Untracked 
|  32|0x0000000083200000, 0x0000000083200000, 0x0000000083300000|  0%| F|  |TAMS 0x0000000083200000, 0x0000000083200000| Untracked 
|  33|0x0000000083300000, 0x0000000083300000, 0x0000000083400000|  0%| F|  |TAMS 0x0000000083300000, 0x0000000083300000| Untracked 
|  34|0x0000000083400000, 0x0000000083400000, 0x0000000083500000|  0%| F|  |TAMS 0x0000000083400000, 0x0000000083400000| Untracked 
|  35|0x0000000083500000, 0x0000000083500000, 0x0000000083600000|  0%| F|  |TAMS 0x0000000083500000, 0x0000000083500000| Untracked 
|  36|0x0000000083600000, 0x0000000083600000, 0x0000000083700000|  0%| F|  |TAMS 0x0000000083600000, 0x0000000083600000| Untracked 
|  37|0x0000000083700000, 0x0000000083700000, 0x0000000083800000|  0%| F|  |TAMS 0x0000000083700000, 0x0000000083700000| Untracked 
|  38|0x0000000083800000, 0x0000000083800000, 0x0000000083900000|  0%| F|  |TAMS 0x0000000083800000, 0x0000000083800000| Untracked 
|  39|0x0000000083900000, 0x0000000083900000, 0x0000000083a00000|  0%| F|  |TAMS 0x0000000083900000, 0x0000000083900000| Untracked 
|  40|0x0000000083a00000, 0x0000000083a00000, 0x0000000083b00000|  0%| F|  |TAMS 0x0000000083a00000, 0x0000000083a00000| Untracked 
|  41|0x0000000083b00000, 0x0000000083b00000, 0x0000000083c00000|  0%| F|  |TAMS 0x0000000083b00000, 0x0000000083b00000| Untracked 
|  42|0x0000000083c00000, 0x0000000083c00000, 0x0000000083d00000|  0%| F|  |TAMS 0x0000000083c00000, 0x0000000083c00000| Untracked 
|  43|0x0000000083d00000, 0x0000000083d00000, 0x0000000083e00000|  0%| F|  |TAMS 0x0000000083d00000, 0x0000000083d00000| Untracked 
|  44|0x0000000083e00000, 0x0000000083e00000, 0x0000000083f00000|  0%| F|  |TAMS 0x0000000083e00000, 0x0000000083e00000| Untracked 
|  45|0x0000000083f00000, 0x0000000083f00000, 0x0000000084000000|  0%| F|  |TAMS 0x0000000083f00000, 0x0000000083f00000| Untracked 
|  46|0x0000000084000000, 0x0000000084000000, 0x0000000084100000|  0%| F|  |TAMS 0x0000000084000000, 0x0000000084000000| Untracked 
|  47|0x0000000084100000, 0x0000000084100000, 0x0000000084200000|  0%| F|  |TAMS 0x0000000084100000, 0x0000000084100000| Untracked 
|  48|0x0000000084200000, 0x0000000084200000, 0x0000000084300000|  0%| F|  |TAMS 0x0000000084200000, 0x0000000084200000| Untracked 
|  49|0x0000000084300000, 0x0000000084300000, 0x0000000084400000|  0%| F|  |TAMS 0x0000000084300000, 0x0000000084300000| Untracked 
|  50|0x0000000084400000, 0x0000000084400000, 0x0000000084500000|  0%| F|  |TAMS 0x0000000084400000, 0x0000000084400000| Untracked 
|  51|0x0000000084500000, 0x0000000084500000, 0x0000000084600000|  0%| F|  |TAMS 0x0000000084500000, 0x0000000084500000| Untracked 
|  52|0x0000000084600000, 0x0000000084600000, 0x0000000084700000|  0%| F|  |TAMS 0x0000000084600000, 0x0000000084600000| Untracked 
|  53|0x0000000084700000, 0x0000000084700000, 0x0000000084800000|  0%| F|  |TAMS 0x0000000084700000, 0x0000000084700000| Untracked 
|  54|0x0000000084800000, 0x0000000084800000, 0x0000000084900000|  0%| F|  |TAMS 0x0000000084800000, 0x0000000084800000| Untracked 
|  55|0x0000000084900000, 0x0000000084900000, 0x0000000084a00000|  0%| F|  |TAMS 0x0000000084900000, 0x0000000084900000| Untracked 
|  56|0x0000000084a00000, 0x0000000084a00000, 0x0000000084b00000|  0%| F|  |TAMS 0x0000000084a00000, 0x0000000084a00000| Untracked 
|  57|0x0000000084b00000, 0x0000000084b00000, 0x0000000084c00000|  0%| F|  |TAMS 0x0000000084b00000, 0x0000000084b00000| Untracked 
|  58|0x0000000084c00000, 0x0000000084c00000, 0x0000000084d00000|  0%| F|  |TAMS 0x0000000084c00000, 0x0000000084c00000| Untracked 
|  59|0x0000000084d00000, 0x0000000084d00000, 0x0000000084e00000|  0%| F|  |TAMS 0x0000000084d00000, 0x0000000084d00000| Untracked 
|  60|0x0000000084e00000, 0x0000000084e00000, 0x0000000084f00000|  0%| F|  |TAMS 0x0000000084e00000, 0x0000000084e00000| Untracked 
|  61|0x0000000084f00000, 0x0000000084f00000, 0x0000000085000000|  0%| F|  |TAMS 0x0000000084f00000, 0x0000000084f00000| Untracked 
|  62|0x0000000085000000, 0x0000000085000000, 0x0000000085100000|  0%| F|  |TAMS 0x0000000085000000, 0x0000000085000000| Untracked 
|  63|0x0000000085100000, 0x0000000085100000, 0x0000000085200000|  0%| F|  |TAMS 0x0000000085100000, 0x0000000085100000| Untracked 
|  64|0x0000000085200000, 0x0000000085200000, 0x0000000085300000|  0%| F|  |TAMS 0x0000000085200000, 0x0000000085200000| Untracked 
|  65|0x0000000085300000, 0x0000000085300000, 0x0000000085400000|  0%| F|  |TAMS 0x0000000085300000, 0x0000000085300000| Untracked 
|  66|0x0000000085400000, 0x0000000085400000, 0x0000000085500000|  0%| F|  |TAMS 0x0000000085400000, 0x0000000085400000| Untracked 
|  67|0x0000000085500000, 0x00000000855e19c8, 0x0000000085600000| 88%| S|CS|TAMS 0x0000000085500000, 0x0000000085500000| Complete 
|  68|0x0000000085600000, 0x0000000085700000, 0x0000000085700000|100%| S|CS|TAMS 0x0000000085600000, 0x0000000085600000| Complete 
|  69|0x0000000085700000, 0x0000000085800000, 0x0000000085800000|100%| S|CS|TAMS 0x0000000085700000, 0x0000000085700000| Complete 
|  70|0x0000000085800000, 0x0000000085900000, 0x0000000085900000|100%| S|CS|TAMS 0x0000000085800000, 0x0000000085800000| Complete 
|  71|0x0000000085900000, 0x0000000085900000, 0x0000000085a00000|  0%| F|  |TAMS 0x0000000085900000, 0x0000000085900000| Untracked 
|  72|0x0000000085a00000, 0x0000000085a00800, 0x0000000085b00000|  0%| E|  |TAMS 0x0000000085a00000, 0x0000000085a00000| Complete 
|  73|0x0000000085b00000, 0x0000000085c00000, 0x0000000085c00000|100%| E|CS|TAMS 0x0000000085b00000, 0x0000000085b00000| Complete 
|  74|0x0000000085c00000, 0x0000000085d00000, 0x0000000085d00000|100%| E|CS|TAMS 0x0000000085c00000, 0x0000000085c00000| Complete 
|  75|0x0000000085d00000, 0x0000000085e00000, 0x0000000085e00000|100%| E|CS|TAMS 0x0000000085d00000, 0x0000000085d00000| Complete 
|  76|0x0000000085e00000, 0x0000000085f00000, 0x0000000085f00000|100%| E|CS|TAMS 0x0000000085e00000, 0x0000000085e00000| Complete 
|  77|0x0000000085f00000, 0x0000000086000000, 0x0000000086000000|100%| E|CS|TAMS 0x0000000085f00000, 0x0000000085f00000| Complete 
|  78|0x0000000086000000, 0x0000000086100000, 0x0000000086100000|100%| E|CS|TAMS 0x0000000086000000, 0x0000000086000000| Complete 
|  79|0x0000000086100000, 0x0000000086200000, 0x0000000086200000|100%| E|CS|TAMS 0x0000000086100000, 0x0000000086100000| Complete 
|  80|0x0000000086200000, 0x0000000086300000, 0x0000000086300000|100%| E|CS|TAMS 0x0000000086200000, 0x0000000086200000| Complete 
|  81|0x0000000086300000, 0x0000000086400000, 0x0000000086400000|100%| E|CS|TAMS 0x0000000086300000, 0x0000000086300000| Complete 
|  82|0x0000000086400000, 0x0000000086500000, 0x0000000086500000|100%| E|CS|TAMS 0x0000000086400000, 0x0000000086400000| Complete 
|  83|0x0000000086500000, 0x0000000086600000, 0x0000000086600000|100%| E|CS|TAMS 0x0000000086500000, 0x0000000086500000| Complete 
|  84|0x0000000086600000, 0x0000000086700000, 0x0000000086700000|100%| E|CS|TAMS 0x0000000086600000, 0x0000000086600000| Complete 
|  85|0x0000000086700000, 0x0000000086800000, 0x0000000086800000|100%| E|CS|TAMS 0x0000000086700000, 0x0000000086700000| Complete 
|  86|0x0000000086800000, 0x0000000086900000, 0x0000000086900000|100%| E|CS|TAMS 0x0000000086800000, 0x0000000086800000| Complete 
|  87|0x0000000086900000, 0x0000000086a00000, 0x0000000086a00000|100%| E|CS|TAMS 0x0000000086900000, 0x0000000086900000| Complete 
|  88|0x0000000086a00000, 0x0000000086b00000, 0x0000000086b00000|100%| E|CS|TAMS 0x0000000086a00000, 0x0000000086a00000| Complete 
|  89|0x0000000086b00000, 0x0000000086c00000, 0x0000000086c00000|100%| E|CS|TAMS 0x0000000086b00000, 0x0000000086b00000| Complete 
|  90|0x0000000086c00000, 0x0000000086d00000, 0x0000000086d00000|100%| E|CS|TAMS 0x0000000086c00000, 0x0000000086c00000| Complete 
|  91|0x0000000086d00000, 0x0000000086e00000, 0x0000000086e00000|100%| E|CS|TAMS 0x0000000086d00000, 0x0000000086d00000| Complete 
|  92|0x0000000086e00000, 0x0000000086f00000, 0x0000000086f00000|100%| E|CS|TAMS 0x0000000086e00000, 0x0000000086e00000| Complete 
|  93|0x0000000086f00000, 0x0000000087000000, 0x0000000087000000|100%| E|CS|TAMS 0x0000000086f00000, 0x0000000086f00000| Complete 
|  94|0x0000000087000000, 0x0000000087100000, 0x0000000087100000|100%| E|CS|TAMS 0x0000000087000000, 0x0000000087000000| Complete 
|  95|0x0000000087100000, 0x0000000087200000, 0x0000000087200000|100%| E|CS|TAMS 0x0000000087100000, 0x0000000087100000| Complete 
|  96|0x0000000087200000, 0x0000000087300000, 0x0000000087300000|100%| E|CS|TAMS 0x0000000087200000, 0x0000000087200000| Complete 
|  97|0x0000000087300000, 0x0000000087400000, 0x0000000087400000|100%| E|CS|TAMS 0x0000000087300000, 0x0000000087300000| Complete 
|  98|0x0000000087400000, 0x0000000087500000, 0x0000000087500000|100%| E|CS|TAMS 0x0000000087400000, 0x0000000087400000| Complete 
|  99|0x0000000087500000, 0x0000000087600000, 0x0000000087600000|100%| E|CS|TAMS 0x0000000087500000, 0x0000000087500000| Complete 
| 100|0x0000000087600000, 0x0000000087700000, 0x0000000087700000|100%| E|CS|TAMS 0x0000000087600000, 0x0000000087600000| Complete 
| 101|0x0000000087700000, 0x0000000087800000, 0x0000000087800000|100%| E|CS|TAMS 0x0000000087700000, 0x0000000087700000| Complete 
| 102|0x0000000087800000, 0x0000000087900000, 0x0000000087900000|100%| E|CS|TAMS 0x0000000087800000, 0x0000000087800000| Complete 
| 103|0x0000000087900000, 0x0000000087a00000, 0x0000000087a00000|100%| E|CS|TAMS 0x0000000087900000, 0x0000000087900000| Complete 
| 104|0x0000000087a00000, 0x0000000087b00000, 0x0000000087b00000|100%| E|CS|TAMS 0x0000000087a00000, 0x0000000087a00000| Complete 
| 105|0x0000000087b00000, 0x0000000087c00000, 0x0000000087c00000|100%| E|CS|TAMS 0x0000000087b00000, 0x0000000087b00000| Complete 
| 106|0x0000000087c00000, 0x0000000087d00000, 0x0000000087d00000|100%| E|CS|TAMS 0x0000000087c00000, 0x0000000087c00000| Complete 
| 107|0x0000000087d00000, 0x0000000087e00000, 0x0000000087e00000|100%| E|CS|TAMS 0x0000000087d00000, 0x0000000087d00000| Complete 
| 108|0x0000000087e00000, 0x0000000087f00000, 0x0000000087f00000|100%| E|CS|TAMS 0x0000000087e00000, 0x0000000087e00000| Complete 
| 109|0x0000000087f00000, 0x0000000088000000, 0x0000000088000000|100%| E|CS|TAMS 0x0000000087f00000, 0x0000000087f00000| Complete 
| 110|0x0000000088000000, 0x0000000088100000, 0x0000000088100000|100%| E|CS|TAMS 0x0000000088000000, 0x0000000088000000| Complete 
| 111|0x0000000088100000, 0x0000000088200000, 0x0000000088200000|100%| E|CS|TAMS 0x0000000088100000, 0x0000000088100000| Complete 
| 112|0x0000000088200000, 0x0000000088300000, 0x0000000088300000|100%| E|CS|TAMS 0x0000000088200000, 0x0000000088200000| Complete 
| 113|0x0000000088300000, 0x0000000088400000, 0x0000000088400000|100%| E|CS|TAMS 0x0000000088300000, 0x0000000088300000| Complete 
| 114|0x0000000088400000, 0x0000000088500000, 0x0000000088500000|100%| E|CS|TAMS 0x0000000088400000, 0x0000000088400000| Complete 
| 115|0x0000000088500000, 0x0000000088600000, 0x0000000088600000|100%| E|CS|TAMS 0x0000000088500000, 0x0000000088500000| Complete 
| 116|0x0000000088600000, 0x0000000088700000, 0x0000000088700000|100%| E|CS|TAMS 0x0000000088600000, 0x0000000088600000| Complete 
| 117|0x0000000088700000, 0x0000000088800000, 0x0000000088800000|100%| E|CS|TAMS 0x0000000088700000, 0x0000000088700000| Complete 
| 118|0x0000000088800000, 0x0000000088900000, 0x0000000088900000|100%| E|CS|TAMS 0x0000000088800000, 0x0000000088800000| Complete 
| 119|0x0000000088900000, 0x0000000088a00000, 0x0000000088a00000|100%| E|CS|TAMS 0x0000000088900000, 0x0000000088900000| Complete 
| 120|0x0000000088a00000, 0x0000000088b00000, 0x0000000088b00000|100%| E|CS|TAMS 0x0000000088a00000, 0x0000000088a00000| Complete 
| 121|0x0000000088b00000, 0x0000000088c00000, 0x0000000088c00000|100%| E|CS|TAMS 0x0000000088b00000, 0x0000000088b00000| Complete 
| 122|0x0000000088c00000, 0x0000000088d00000, 0x0000000088d00000|100%| E|CS|TAMS 0x0000000088c00000, 0x0000000088c00000| Complete 
| 123|0x0000000088d00000, 0x0000000088e00000, 0x0000000088e00000|100%| E|CS|TAMS 0x0000000088d00000, 0x0000000088d00000| Complete 
| 124|0x0000000088e00000, 0x0000000088f00000, 0x0000000088f00000|100%| E|CS|TAMS 0x0000000088e00000, 0x0000000088e00000| Complete 
| 125|0x0000000088f00000, 0x0000000089000000, 0x0000000089000000|100%| E|CS|TAMS 0x0000000088f00000, 0x0000000088f00000| Complete 
| 126|0x0000000089000000, 0x0000000089100000, 0x0000000089100000|100%| E|CS|TAMS 0x0000000089000000, 0x0000000089000000| Complete 
| 127|0x0000000089100000, 0x0000000089200000, 0x0000000089200000|100%| E|CS|TAMS 0x0000000089100000, 0x0000000089100000| Complete 

Card table byte_map: [0x0000027db0430000,0x0000027db0830000] _byte_map_base: 0x0000027db0027000

Marking Bits (Prev, Next): (CMBitMap*) 0x0000027d98db0fc0, (CMBitMap*) 0x0000027d98db0f88
 Prev Bits: [0x0000027db2bf0000, 0x0000027db4ba8000)
 Next Bits: [0x0000027db0c30000, 0x0000027db2be8000)

Polling page: 0x0000027d983f0000

Metaspace:

Usage:
  Non-class:     21.06 MB capacity,    20.70 MB ( 98%) used,   306.37 KB (  1%) free+waste,    61.75 KB ( <1%) overhead. 
      Class:      2.76 MB capacity,     2.55 MB ( 92%) used,   182.60 KB (  6%) free+waste,    29.94 KB (  1%) overhead. 
       Both:     23.82 MB capacity,    23.25 MB ( 98%) used,   488.97 KB (  2%) free+waste,    91.69 KB ( <1%) overhead. 

Virtual space:
  Non-class space:       22.00 MB reserved,      21.17 MB ( 96%) committed 
      Class space:        1.00 GB reserved,       2.82 MB ( <1%) committed 
             Both:        1.02 GB reserved,      24.00 MB (  2%) committed 

Chunk freelists:
   Non-Class:  6.75 KB
       Class:  0 bytes
        Both:  6.75 KB

CodeHeap 'non-profiled nmethods': size=120064Kb used=1104Kb max_used=1104Kb free=118959Kb
 bounds [0x0000027da8af0000, 0x0000027da8d60000, 0x0000027db0030000]
CodeHeap 'profiled nmethods': size=120000Kb used=4685Kb max_used=4685Kb free=115314Kb
 bounds [0x0000027da15c0000, 0x0000027da1a60000, 0x0000027da8af0000]
CodeHeap 'non-nmethods': size=5696Kb used=1119Kb max_used=1168Kb free=4576Kb
 bounds [0x0000027da1030000, 0x0000027da12a0000, 0x0000027da15c0000]
 total_blobs=3360 nmethods=2204 adapters=344
 compilation: enabled
              stopped_count=0, restarted_count=0
 full_count=0

Compilation events (10 events):
Event: 4.023 Thread 0x0000027db79d4000 2301       3       org.springframework.asm.ClassReader::readMethod (1055 bytes)
Event: 4.028 Thread 0x0000027db797e000 nmethod 2298 0x0000027da8c00090 code [0x0000027da8c00280, 0x0000027da8c00a68]
Event: 4.028 Thread 0x0000027db797e000 2300       4       org.springframework.asm.ClassReader::readUTF8 (23 bytes)
Event: 4.030 Thread 0x0000027db797e000 nmethod 2300 0x0000027da8c00f10 code [0x0000027da8c010c0, 0x0000027da8c011e8]
Event: 4.032 Thread 0x0000027db797e000 2302       4       java.util.LinkedHashMap$LinkedHashIterator::hasNext (13 bytes)
Event: 4.032 Thread 0x0000027db79d4000 nmethod 2301 0x0000027da1a37210 code [0x0000027da1a379a0, 0x0000027da1a3cbb0]
Event: 4.032 Thread 0x0000027db797e000 nmethod 2302 0x0000027da8c01310 code [0x0000027da8c014a0, 0x0000027da8c01518]
Event: 4.033 Thread 0x0000027db797e000 2303       4       java.util.ArrayDeque::addLast (51 bytes)
Event: 4.037 Thread 0x0000027db797e000 nmethod 2303 0x0000027da8c01590 code [0x0000027da8c01720, 0x0000027da8c01938]
Event: 4.042 Thread 0x0000027db797e000 2304       4       java.util.ArrayDeque::add (7 bytes)

GC Heap History (10 events):
Event: 1.282 GC heap before
{Heap before GC invocations=1 (full 0):
 garbage-first heap   total 131072K, used 14715K [0x0000000081200000, 0x0000000100000000)
  region size 1024K, 12 young (12288K), 2 survivors (2048K)
 Metaspace       used 10939K, capacity 11156K, committed 11392K, reserved 1058816K
  class space    used 1044K, capacity 1103K, committed 1152K, reserved 1048576K
}
Event: 1.286 GC heap after
{Heap after GC invocations=2 (full 0):
 garbage-first heap   total 131072K, used 6170K [0x0000000081200000, 0x0000000100000000)
  region size 1024K, 1 young (1024K), 1 survivors (1024K)
 Metaspace       used 10939K, capacity 11156K, committed 11392K, reserved 1058816K
  class space    used 1044K, capacity 1103K, committed 1152K, reserved 1048576K
}
Event: 1.304 GC heap before
{Heap before GC invocations=2 (full 0):
 garbage-first heap   total 131072K, used 33818K [0x0000000081200000, 0x0000000100000000)
  region size 1024K, 29 young (29696K), 1 survivors (1024K)
 Metaspace       used 10939K, capacity 11156K, committed 11392K, reserved 1058816K
  class space    used 1044K, capacity 1103K, committed 1152K, reserved 1048576K
}
Event: 1.306 GC heap after
{Heap after GC invocations=3 (full 0):
 garbage-first heap   total 131072K, used 6242K [0x0000000081200000, 0x0000000100000000)
  region size 1024K, 1 young (1024K), 1 survivors (1024K)
 Metaspace       used 10939K, capacity 11156K, committed 11392K, reserved 1058816K
  class space    used 1044K, capacity 1103K, committed 1152K, reserved 1048576K
}
Event: 2.319 GC heap before
{Heap before GC invocations=3 (full 0):
 garbage-first heap   total 131072K, used 52322K [0x0000000081200000, 0x0000000100000000)
  region size 1024K, 47 young (48128K), 1 survivors (1024K)
 Metaspace       used 19114K, capacity 19616K, committed 19712K, reserved 1067008K
  class space    used 2037K, capacity 2217K, committed 2304K, reserved 1048576K
}
Event: 2.333 GC heap after
{Heap after GC invocations=4 (full 0):
 garbage-first heap   total 131072K, used 7655K [0x0000000081200000, 0x0000000100000000)
  region size 1024K, 2 young (2048K), 2 survivors (2048K)
 Metaspace       used 19114K, capacity 19616K, committed 19712K, reserved 1067008K
  class space    used 2037K, capacity 2217K, committed 2304K, reserved 1048576K
}
Event: 2.460 GC heap before
{Heap before GC invocations=4 (full 0):
 garbage-first heap   total 131072K, used 15847K [0x0000000081200000, 0x0000000100000000)
  region size 1024K, 11 young (11264K), 2 survivors (2048K)
 Metaspace       used 20706K, capacity 21213K, committed 21296K, reserved 1069056K
  class space    used 2228K, capacity 2429K, committed 2432K, reserved 1048576K
}
Event: 2.465 GC heap after
{Heap after GC invocations=5 (full 0):
 garbage-first heap   total 131072K, used 7961K [0x0000000081200000, 0x0000000100000000)
  region size 1024K, 3 young (3072K), 3 survivors (3072K)
 Metaspace       used 20706K, capacity 21213K, committed 21296K, reserved 1069056K
  class space    used 2228K, capacity 2429K, committed 2432K, reserved 1048576K
}
Event: 3.483 GC heap before
{Heap before GC invocations=6 (full 0):
 garbage-first heap   total 131072K, used 63257K [0x0000000081200000, 0x0000000100000000)
  region size 1024K, 57 young (58368K), 3 survivors (3072K)
 Metaspace       used 23460K, capacity 24025K, committed 24316K, reserved 1071104K
  class space    used 2580K, capacity 2814K, committed 2892K, reserved 1048576K
}
Event: 3.494 GC heap after
{Heap after GC invocations=7 (full 0):
 garbage-first heap   total 131072K, used 9661K [0x0000000081200000, 0x0000000100000000)
  region size 1024K, 4 young (4096K), 4 survivors (4096K)
 Metaspace       used 23460K, capacity 24025K, committed 24316K, reserved 1071104K
  class space    used 2580K, capacity 2814K, committed 2892K, reserved 1048576K
}

Deoptimization events (10 events):
Event: 2.367 Thread 0x0000027db843e800 Uncommon trap: reason=class_check action=maybe_recompile pc=0x0000027da8b324bc method=java.util.HashMap.putVal(ILjava/lang/Object;Ljava/lang/Object;ZZ)Ljava/lang/Object; @ 203 c2
Event: 2.376 Thread 0x0000027db843e800 Uncommon trap: reason=class_check action=maybe_recompile pc=0x0000027da8b324bc method=java.util.HashMap.putVal(ILjava/lang/Object;Ljava/lang/Object;ZZ)Ljava/lang/Object; @ 203 c2
Event: 2.656 Thread 0x0000027db843e800 Uncommon trap: reason=unstable_if action=reinterpret pc=0x0000027da8b1a514 method=java.util.concurrent.ConcurrentHashMap.get(Ljava/lang/Object;)Ljava/lang/Object; @ 76 c2
Event: 2.708 Thread 0x0000027db8dca800 Uncommon trap: reason=unstable_if action=reinterpret pc=0x0000027da8b4b7a4 method=jdk.internal.org.objectweb.asm.Type.getArgumentsAndReturnSizes(Ljava/lang/String;)I @ 47 c2
Event: 2.709 Thread 0x0000027db8dca800 Uncommon trap: reason=unstable_if action=reinterpret pc=0x0000027da8b7cff8 method=jdk.internal.org.objectweb.asm.Frame.push(Ljdk/internal/org/objectweb/asm/ClassWriter;Ljava/lang/String;)V @ 18 c2
Event: 2.768 Thread 0x0000027db843e800 Uncommon trap: reason=unstable_if action=reinterpret pc=0x0000027da8b079ac method=java.util.zip.ZipFile$Source.getEntryPos([BZ)I @ 156 c2
Event: 2.769 Thread 0x0000027db843e800 Uncommon trap: reason=unstable_if action=reinterpret pc=0x0000027da8b24118 method=java.util.jar.JarFile.getVersionedEntry(Ljava/lang/String;Ljava/util/jar/JarEntry;)Ljava/util/jar/JarEntry; @ 67 c2
Event: 2.832 Thread 0x0000027db843e800 Uncommon trap: reason=intrinsic_or_type_checked_inlining action=make_not_entrant pc=0x0000027da8ba23f8 method=java.util.Arrays.copyOf([Ljava/lang/Object;ILjava/lang/Class;)[Ljava/lang/Object; @ 35 c2
Event: 3.277 Thread 0x0000027db843e800 Uncommon trap: reason=unstable_if action=reinterpret pc=0x0000027da8bb89f0 method=java.lang.String.<init>([CIILjava/lang/Void;)V @ 5 c2
Event: 4.018 Thread 0x0000027db843e800 Uncommon trap: reason=unstable_if action=reinterpret pc=0x0000027da8beb760 method=org.springframework.asm.ClassReader.readMethod(Lorg/springframework/asm/ClassVisitor;Lorg/springframework/asm/Context;I)I @ 313 c2

Classes redefined (0 events):
No events

Internal exceptions (10 events):
Event: 2.720 Thread 0x0000027db843e800 Exception <a 'java/lang/ClassNotFoundException'{0x000000008853d818}: org/springframework/core/OrderedCustomizer> (0x000000008853d818) thrown at [t:/workspace/open/src/hotspot/share/classfile/systemDictionary.cpp, line 231]
Event: 2.721 Thread 0x0000027db843e800 Exception <a 'java/lang/ClassNotFoundException'{0x000000008854a960}: org/springframework/context/ResourceLoaderAwareCustomizer> (0x000000008854a960) thrown at [t:/workspace/open/src/hotspot/share/classfile/systemDictionary.cpp, line 231]
Event: 2.722 Thread 0x0000027db8dca800 Exception <a 'java/lang/NoSuchMethodError'{0x000000008895b638}: java.lang.invoke.DirectMethodHandle$Holder.invokeInterface(Ljava/lang/Object;Ljava/lang/Object;)J> (0x000000008895b638) thrown at [t:/workspace/open/src/hotspot/share/interpreter/linkResolver
Event: 2.722 Thread 0x0000027db843e800 Exception <a 'java/lang/ClassNotFoundException'{0x00000000885570d0}: org/springframework/beans/factory/AwareCustomizer> (0x00000000885570d0) thrown at [t:/workspace/open/src/hotspot/share/classfile/systemDictionary.cpp, line 231]
Event: 2.722 Thread 0x0000027db8dca800 Exception <a 'java/lang/IncompatibleClassChangeError'{0x000000008895e3d0}: Found class java.lang.Object, but interface was expected> (0x000000008895e3d0) thrown at [t:/workspace/open/src/hotspot/share/interpreter/linkResolver.cpp, line 838]
Event: 2.723 Thread 0x0000027db843e800 Exception <a 'java/lang/ClassNotFoundException'{0x0000000088563ee8}: org/springframework/beans/factory/BeanClassLoaderAwareCustomizer> (0x0000000088563ee8) thrown at [t:/workspace/open/src/hotspot/share/classfile/systemDictionary.cpp, line 231]
Event: 2.724 Thread 0x0000027db843e800 Exception <a 'java/lang/ClassNotFoundException'{0x0000000088570670}: org/springframework/beans/factory/AwareCustomizer> (0x0000000088570670) thrown at [t:/workspace/open/src/hotspot/share/classfile/systemDictionary.cpp, line 231]
Event: 2.725 Thread 0x0000027db843e800 Exception <a 'java/lang/ClassNotFoundException'{0x000000008857c638}: org/springframework/context/EnvironmentAwareCustomizer> (0x000000008857c638) thrown at [t:/workspace/open/src/hotspot/share/classfile/systemDictionary.cpp, line 231]
Event: 2.727 Thread 0x0000027db843e800 Exception <a 'java/lang/ClassNotFoundException'{0x00000000885eb600}: org/springframework/beans/factory/AwareCustomizer> (0x00000000885eb600) thrown at [t:/workspace/open/src/hotspot/share/classfile/systemDictionary.cpp, line 231]
Event: 2.739 Thread 0x0000027db8dca800 Exception <a 'java/lang/NoSuchMethodError'{0x00000000884c8e50}: java.lang.invoke.DirectMethodHandle$Holder.invokeVirtual(Ljava/lang/Object;Ljava/lang/Object;Ljava/lang/Object;Ljava/lang/Object;)Ljava/lang/Object;> (0x00000000884c8e50) thrown at [t:/worksp

Events (10 events):
Event: 3.541 Thread 0x0000027db843e800 DEOPT UNPACKING pc=0x0000027da1058d4e sp=0x000000d8519fcfb0 mode 0
Event: 3.608 loading class com/fasterxml/jackson/annotation/JsonValue
Event: 3.608 loading class com/fasterxml/jackson/annotation/JsonValue done
Event: 3.609 loading class com/fasterxml/jackson/annotation/JsonCreator
Event: 3.609 loading class com/fasterxml/jackson/annotation/JsonCreator done
Event: 3.610 loading class com/fasterxml/jackson/annotation/JsonCreator$Mode
Event: 3.610 loading class com/fasterxml/jackson/annotation/JsonCreator$Mode done
Event: 4.018 Thread 0x0000027db843e800 Uncommon trap: trap_request=0xffffff4d fr.pc=0x0000027da8beb760 relative=0x0000000000002fa0
Event: 4.018 Thread 0x0000027db843e800 DEOPT PACKING pc=0x0000027da8beb760 sp=0x000000d8519fd920
Event: 4.018 Thread 0x0000027db843e800 DEOPT UNPACKING pc=0x0000027da1058f2f sp=0x000000d8519fd8a8 mode 2


Dynamic libraries:
0x00007ff74ac30000 - 0x00007ff74ac75000 	C:\Program Files\Java\jdk-11.0.2\bin\javaw.exe
0x00007ffe84a20000 - 0x00007ffe84c10000 	C:\WINDOWS\SYSTEM32\ntdll.dll
0x00007ffe83600000 - 0x00007ffe836b2000 	C:\WINDOWS\System32\KERNEL32.DLL
0x00007ffe81be0000 - 0x00007ffe81e85000 	C:\WINDOWS\System32\KERNELBASE.dll
0x00007ffe82b50000 - 0x00007ffe82ce4000 	C:\WINDOWS\System32\USER32.dll
0x00007ffe81e90000 - 0x00007ffe81eb1000 	C:\WINDOWS\System32\win32u.dll
0x00007ffe84690000 - 0x00007ffe846b6000 	C:\WINDOWS\System32\GDI32.dll
0x00007ffe826e0000 - 0x00007ffe82876000 	C:\WINDOWS\System32\gdi32full.dll
0x00007ffe81b40000 - 0x00007ffe81bde000 	C:\WINDOWS\System32\msvcp_win.dll
0x00007ffe82880000 - 0x00007ffe8297a000 	C:\WINDOWS\System32\ucrtbase.dll
0x00007ffe62c30000 - 0x00007ffe62eb4000 	C:\WINDOWS\WinSxS\amd64_microsoft.windows.common-controls_6595b64144ccf1df_6.0.18362.1256_none_9e7e379be45e40e2\COMCTL32.dll
0x00007ffe82ec0000 - 0x00007ffe82f5e000 	C:\WINDOWS\System32\msvcrt.dll
0x00007ffe83230000 - 0x00007ffe83566000 	C:\WINDOWS\System32\combase.dll
0x00007ffe83070000 - 0x00007ffe83190000 	C:\WINDOWS\System32\RPCRT4.dll
0x00007ffe819b0000 - 0x00007ffe81a31000 	C:\WINDOWS\System32\bcryptPrimitives.dll
0x00007ffe849b0000 - 0x00007ffe849de000 	C:\WINDOWS\System32\IMM32.DLL
0x00007ffe2d310000 - 0x00007ffe2d42a000 	C:\Program Files\Diebold\Warsaw\wslbscr64.dll
0x00007ffe84720000 - 0x00007ffe847c3000 	C:\WINDOWS\System32\ADVAPI32.dll
0x00007ffe83190000 - 0x00007ffe83227000 	C:\WINDOWS\System32\sechost.dll
0x00007ffe83df0000 - 0x00007ffe844d7000 	C:\WINDOWS\System32\SHELL32.dll
0x00007ffe81af0000 - 0x00007ffe81b3a000 	C:\WINDOWS\System32\cfgmgr32.dll
0x00007ffe82fc0000 - 0x00007ffe83069000 	C:\WINDOWS\System32\shcore.dll
0x00007ffe81f50000 - 0x00007ffe826d1000 	C:\WINDOWS\System32\windows.storage.dll
0x00007ffe81960000 - 0x00007ffe81983000 	C:\WINDOWS\System32\profapi.dll
0x00007ffe818f0000 - 0x00007ffe8193a000 	C:\WINDOWS\System32\powrprof.dll
0x00007ffe818c0000 - 0x00007ffe818d0000 	C:\WINDOWS\System32\UMPDC.dll
0x00007ffe83870000 - 0x00007ffe838c2000 	C:\WINDOWS\System32\shlwapi.dll
0x00007ffe818d0000 - 0x00007ffe818e1000 	C:\WINDOWS\System32\kernel.appcore.dll
0x00007ffe81990000 - 0x00007ffe819a7000 	C:\WINDOWS\System32\cryptsp.dll
0x00007ffe808c0000 - 0x00007ffe808f1000 	C:\WINDOWS\SYSTEM32\ntmarta.dll
0x00007ffe36f40000 - 0x00007ffe3702f000 	C:\Program Files\Diebold\Warsaw\wslbscrwh64.dll
0x00007ffe7c5a0000 - 0x00007ffe7c5b6000 	C:\Program Files\Java\jdk-11.0.2\bin\vcruntime140.dll
0x00007ffe64810000 - 0x00007ffe648ba000 	C:\Program Files\Java\jdk-11.0.2\bin\msvcp140.dll
0x00007ffe083a0000 - 0x00007ffe08ec3000 	C:\Program Files\Java\jdk-11.0.2\bin\server\jvm.dll
0x00007ffe82de0000 - 0x00007ffe82de8000 	C:\WINDOWS\System32\PSAPI.DLL
0x00007ffe6a610000 - 0x00007ffe6a619000 	C:\WINDOWS\SYSTEM32\WSOCK32.dll
0x00007ffe83590000 - 0x00007ffe835ff000 	C:\WINDOWS\System32\WS2_32.dll
0x00007ffe7f990000 - 0x00007ffe7f9b4000 	C:\WINDOWS\SYSTEM32\WINMM.dll
0x00007ffe7b890000 - 0x00007ffe7b89a000 	C:\WINDOWS\SYSTEM32\VERSION.dll
0x00007ffe7f960000 - 0x00007ffe7f98d000 	C:\WINDOWS\SYSTEM32\WINMMBASE.dll
0x00007ffe70f00000 - 0x00007ffe70f11000 	C:\Program Files\Java\jdk-11.0.2\bin\verify.dll
0x00007ffe6acb0000 - 0x00007ffe6aea4000 	C:\WINDOWS\SYSTEM32\DBGHELP.DLL
0x00007ffe69cd0000 - 0x00007ffe69cfa000 	C:\WINDOWS\SYSTEM32\dbgcore.DLL
0x00007ffe70ed0000 - 0x00007ffe70ef8000 	C:\Program Files\Java\jdk-11.0.2\bin\java.dll
0x00007ffe70950000 - 0x00007ffe70966000 	C:\Program Files\Java\jdk-11.0.2\bin\zip.dll
0x00007ffe7c5c0000 - 0x00007ffe7c5ca000 	C:\Program Files\Java\jdk-11.0.2\bin\jimage.dll
0x00007ffe6c330000 - 0x00007ffe6c349000 	C:\Program Files\Java\jdk-11.0.2\bin\net.dll
0x00007ffe77f50000 - 0x00007ffe78040000 	C:\WINDOWS\SYSTEM32\WINHTTP.dll
0x00007ffe70180000 - 0x00007ffe70356000 	C:\WINDOWS\SYSTEM32\urlmon.dll
0x00007ffe716c0000 - 0x00007ffe71967000 	C:\WINDOWS\SYSTEM32\iertutil.dll
0x00007ffe811e0000 - 0x00007ffe811ec000 	C:\WINDOWS\SYSTEM32\CRYPTBASE.DLL
0x00007ffe81060000 - 0x00007ffe810c7000 	C:\WINDOWS\system32\mswsock.dll
0x00007ffe698c0000 - 0x00007ffe698d3000 	C:\Program Files\Java\jdk-11.0.2\bin\nio.dll
0x00007ffe7e330000 - 0x00007ffe7e339000 	C:\Program Files\Java\jdk-11.0.2\bin\management.dll
0x00007ffe7bd20000 - 0x00007ffe7bd2c000 	C:\Program Files\Java\jdk-11.0.2\bin\management_ext.dll
0x00007ffe7b870000 - 0x00007ffe7b886000 	C:\WINDOWS\system32\napinsp.dll
0x00007ffe79c40000 - 0x00007ffe79c5a000 	C:\WINDOWS\system32\pnrpnsp.dll
0x00007ffe80dc0000 - 0x00007ffe80e8b000 	C:\WINDOWS\SYSTEM32\DNSAPI.dll
0x00007ffe83570000 - 0x00007ffe83578000 	C:\WINDOWS\System32\NSI.dll
0x00007ffe80d80000 - 0x00007ffe80dba000 	C:\WINDOWS\SYSTEM32\IPHLPAPI.DLL
0x00007ffe7c2b0000 - 0x00007ffe7c2be000 	C:\WINDOWS\System32\winrnr.dll
0x00007ffe7d570000 - 0x00007ffe7d58c000 	C:\WINDOWS\system32\NLAapi.dll
0x00007ffe7d370000 - 0x00007ffe7d385000 	C:\WINDOWS\system32\wshbth.dll
0x00007ffe71490000 - 0x00007ffe7149a000 	C:\Windows\System32\rasadhlp.dll
0x00007ffe77ba0000 - 0x00007ffe77c17000 	C:\WINDOWS\System32\fwpuclnt.dll
0x00007ffe81f20000 - 0x00007ffe81f46000 	C:\WINDOWS\System32\bcrypt.dll

dbghelp: loaded successfully - version: 4.0.5 - missing functions: none
symbol engine: initialized successfully - sym options: 0x614 - pdb path: .;C:\Program Files\Java\jdk-11.0.2\bin;C:\WINDOWS\SYSTEM32;C:\WINDOWS\WinSxS\amd64_microsoft.windows.common-controls_6595b64144ccf1df_6.0.18362.1256_none_9e7e379be45e40e2;C:\Program Files\Diebold\Warsaw;C:\Program Files\Java\jdk-11.0.2\bin\server

VM Arguments:
jvm_args: -Dfile.encoding=UTF-8 
java_command: com.ProjetoKellyEpompeaLojaUnitApplication
java_class_path (initial): C:\AULAS UNIT\ProjetoKellyEpompeaLojaUnit\target\classes;C:\Users\PMRecife\.m2\repository\org\springframework\boot\spring-boot-starter-data-jpa\2.3.4.RELEASE\spring-boot-starter-data-jpa-2.3.4.RELEASE.jar;C:\Users\PMRecife\.m2\repository\org\springframework\boot\spring-boot-starter-aop\2.3.4.RELEASE\spring-boot-starter-aop-2.3.4.RELEASE.jar;C:\Users\PMRecife\.m2\repository\org\springframework\spring-aop\5.2.9.RELEASE\spring-aop-5.2.9.RELEASE.jar;C:\Users\PMRecife\.m2\repository\org\aspectj\aspectjweaver\1.9.6\aspectjweaver-1.9.6.jar;C:\Users\PMRecife\.m2\repository\org\springframework\boot\spring-boot-starter-jdbc\2.3.4.RELEASE\spring-boot-starter-jdbc-2.3.4.RELEASE.jar;C:\Users\PMRecife\.m2\repository\com\zaxxer\HikariCP\3.4.5\HikariCP-3.4.5.jar;C:\Users\PMRecife\.m2\repository\org\springframework\spring-jdbc\5.2.9.RELEASE\spring-jdbc-5.2.9.RELEASE.jar;C:\Users\PMRecife\.m2\repository\jakarta\transaction\jakarta.transaction-api\1.3.3\jakarta.transaction-api-1.3.3.jar;C:\Users\PMRecife\.m2\repository\jakarta\persistence\jakarta.persistence-api\2.2.3\jakarta.persistence-api-2.2.3.jar;C:\Users\PMRecife\.m2\repository\org\hibernate\hibernate-core\5.4.21.Final\hibernate-core-5.4.21.Final.jar;C:\Users\PMRecife\.m2\repository\org\jboss\logging\jboss-logging\3.4.1.Final\jboss-logging-3.4.1.Final.jar;C:\Users\PMRecife\.m2\repository\org\javassist\javassist\3.24.0-GA\javassist-3.24.0-GA.jar;C:\Users\PMRecife\.m2\repository\net\bytebuddy\byte-buddy\1.10.14\byte-buddy-1.10.14.jar;C:\Users\PMRecife\.m2\repository\antlr\antlr\2.7.7\antlr-2.7.7.jar;C:\Users\PMRecife\.m2\repository\org\jboss\jandex\2.1.3.Final\jandex-2.1.3.Final.jar;C:\Users\PMRecife\.m2\repository\com\fasterxml\classmate\1.5.1\classmate-1.5.1.jar;C:\Users\PMRecife\.m2\repository\org\dom4j\dom4j\2.1.3\dom4j-2.1.3.jar;C:\Users\PMRecife\.m2\repository\org\hibernate\common\hibernate-commons-annotations\5.1.0.Final\hibernate-commons-annotations-5.1.0.Final.jar;C:\Users\PMRecife\.m2\reposit
Launcher Type: SUN_STANDARD

[Global flags]
     intx CICompilerCount                          = 3                                         {product} {ergonomic}
     uint ConcGCThreads                            = 1                                         {product} {ergonomic}
     uint G1ConcRefinementThreads                  = 4                                         {product} {ergonomic}
   size_t G1HeapRegionSize                         = 1048576                                   {product} {ergonomic}
    uintx GCDrainStackTargetSize                   = 64                                        {product} {ergonomic}
   size_t InitialHeapSize                          = 134217728                                 {product} {ergonomic}
   size_t MarkStackSize                            = 4194304                                   {product} {ergonomic}
   size_t MaxHeapSize                              = 2128609280                                {product} {ergonomic}
   size_t MaxNewSize                               = 1277165568                                {product} {ergonomic}
   size_t MinHeapDeltaBytes                        = 1048576                                   {product} {ergonomic}
    uintx NonNMethodCodeHeapSize                   = 5830092                                {pd product} {ergonomic}
    uintx NonProfiledCodeHeapSize                  = 122914074                              {pd product} {ergonomic}
    uintx ProfiledCodeHeapSize                     = 122914074                              {pd product} {ergonomic}
    uintx ReservedCodeCacheSize                    = 251658240                              {pd product} {ergonomic}
     bool SegmentedCodeCache                       = true                                      {product} {ergonomic}
     bool UseCompressedClassPointers               = true                                 {lp64_product} {ergonomic}
     bool UseCompressedOops                        = true                                 {lp64_product} {ergonomic}
     bool UseG1GC                                  = true                                      {product} {ergonomic}
     bool UseLargePagesIndividualAllocation        = false                                  {pd product} {ergonomic}

Logging:
Log output configuration:
 #0: stdout all=warning uptime,level,tags
 #1: stderr all=off uptime,level,tags

Environment Variables:
JAVA_HOME=C:\Program Files\Java\jdk-11.0.2
PATH=C:/Program Files/Java/jdk-11.0.2/bin/server;C:/Program Files/Java/jdk-11.0.2/bin;%M2_home%\bin;C:\Program Files\Git\cmd;C:\Program Files\Java\jdk-11.0.2\bin;C:\Program Files\Java\jdk-11.0.2;C:\apache-maven-3.6.3\bin;C:\APPs\apache-tomcat-7.0.104\bin;C:\Program Files\heroku\bin;C:\Users\PMRecife\AppData\Local\Programs\Microsoft VS Code\bin;C:\Users\PMRecife\AppData\Roaming\npm;C:\Users\PMRecife\AppData\Local\GitHubDesktop\bin;C:\WINDOWS;
USERNAME=Professor
OS=Windows_NT
PROCESSOR_IDENTIFIER=Intel64 Family 6 Model 142 Stepping 9, GenuineIntel



---------------  S Y S T E M  ---------------

OS: Windows 10 , 64 bit Build 18362 (10.0.18362.1110)

CPU:total 4 (initial active 4) (2 cores per cpu, 2 threads per core) family 6 model 142 stepping 9, cmov, cx8, fxsr, mmx, sse, sse2, sse3, ssse3, sse4.1, sse4.2, popcnt, avx, avx2, aes, clmul, erms, 3dnowpref, lzcnt, ht, tsc, tscinvbit, bmi1, bmi2, adx, fma

Memory: 4k page, system-wide physical 8113M (810M free)
TotalPageFile size 10023M (AvailPageFile size 2M)
current process WorkingSet (physical memory assigned to process): 179M, peak: 179M
current process commit charge ("private bytes"): 278M, peak: 278M

vm_info: OpenJDK 64-Bit Server VM (11.0.2+9) for windows-amd64 JRE (11.0.2+9), built on Jan 18 2019 05:23:22 by "mach5one" with MS VC++ 15.5 (VS2017)

END.
