#
# There is insufficient memory for the Java Runtime Environment to continue.
# Native memory allocation (malloc) failed to allocate 1738416 bytes for Chunk::new
# Possible reasons:
#   The system is out of physical RAM or swap space
#   The process is running with CompressedOops enabled, and the Java Heap may be blocking the growth of the native heap
# Possible solutions:
#   Reduce memory load on the system
#   Increase physical memory or swap space
#   Check if swap backing store is full
#   Decrease Java heap size (-Xmx/-Xms)
#   Decrease number of Java threads
#   Decrease Java thread stack sizes (-Xss)
#   Set larger code cache with -XX:ReservedCodeCacheSize=
#   JVM is running with Unscaled Compressed Oops mode in which the Java heap is
#     placed in the first 4GB address space. The Java Heap base address is the
#     maximum limit for the native heap growth. Please use -XX:HeapBaseMinAddress
#     to set the Java Heap base and to place the Java Heap above 4GB virtual address.
# This output file may be truncated or incomplete.
#
#  Out of Memory Error (t:/workspace/open/src/hotspot/share/memory/arena.cpp:197), pid=5836, tid=23188
#
# JRE version: OpenJDK Runtime Environment (11.0.2+9) (build 11.0.2+9)
# Java VM: OpenJDK 64-Bit Server VM (11.0.2+9, mixed mode, tiered, compressed oops, g1 gc, windows-amd64)
# No core dump will be written. Minidumps are not enabled by default on client versions of Windows
#

---------------  S U M M A R Y ------------

Command Line: -Dfile.encoding=UTF-8 com.ProjetoKellyEpompeaLojaUnitApplication

Host: Intel(R) Core(TM) i3-7100U CPU @ 2.40GHz, 4 cores, 7G,  Windows 10 , 64 bit Build 18362 (10.0.18362.1110)
Time: Mon Jan 18 22:44:56 2021 Hora oficial do Brasil elapsed time: 5 seconds (0d 0h 0m 5s)

---------------  T H R E A D  ---------------

Current thread (0x000001ee5b3ae000):  JavaThread "C2 CompilerThread1" daemon [_thread_in_native, id=23188, stack(0x0000005609500000,0x0000005609600000)]


Current CompileTask:
C2:   5216 2268       4       org.springframework.asm.ClassReader::accept (1373 bytes)

Stack: [0x0000005609500000,0x0000005609600000]
Native frames: (J=compiled Java code, j=interpreted, Vv=VM code, C=native code)
V  [jvm.dll+0x63489a]
V  [jvm.dll+0x771f9f]
V  [jvm.dll+0x773648]
V  [jvm.dll+0x773d03]
V  [jvm.dll+0x25eba8]
V  [jvm.dll+0xc2191]
V  [jvm.dll+0xc271c]
V  [jvm.dll+0x36cc47]
V  [jvm.dll+0x339b13]
V  [jvm.dll+0x338eea]
V  [jvm.dll+0x2189c5]
V  [jvm.dll+0x217b6a]
V  [jvm.dll+0x194370]
V  [jvm.dll+0x226b3f]
V  [jvm.dll+0x225148]
V  [jvm.dll+0x73774d]
V  [jvm.dll+0x633942]
C  [ucrtbase.dll+0x210b2]
C  [KERNEL32.DLL+0x17c24]
C  [ntdll.dll+0x6d4d1]


---------------  P R O C E S S  ---------------

Threads class SMR info:
_java_thread_list=0x000001ee5b0f91c0, length=14, elements={
0x000001ee3a87e800, 0x000001ee593d7800, 0x000001ee593d8800, 0x000001ee59d82800,
0x000001ee59d83000, 0x000001ee59412000, 0x000001ee59dc4000, 0x000001ee59dd1000,
0x000001ee59edc800, 0x000001ee59ee2000, 0x000001ee5abf5000, 0x000001ee5aac2800,
0x000001ee5b3ae000, 0x000001ee5d5ba800
}

Java Threads: ( => current thread )
  0x000001ee3a87e800 JavaThread "main" [_thread_blocked, id=14264, stack(0x0000005608400000,0x0000005608500000)]
  0x000001ee593d7800 JavaThread "Reference Handler" daemon [_thread_blocked, id=17200, stack(0x0000005608b00000,0x0000005608c00000)]
  0x000001ee593d8800 JavaThread "Finalizer" daemon [_thread_blocked, id=2196, stack(0x0000005608c00000,0x0000005608d00000)]
  0x000001ee59d82800 JavaThread "Signal Dispatcher" daemon [_thread_blocked, id=20248, stack(0x0000005608d00000,0x0000005608e00000)]
  0x000001ee59d83000 JavaThread "Attach Listener" daemon [_thread_blocked, id=15768, stack(0x0000005608e00000,0x0000005608f00000)]
  0x000001ee59412000 JavaThread "C2 CompilerThread0" daemon [_thread_blocked, id=20784, stack(0x0000005608f00000,0x0000005609000000)]
  0x000001ee59dc4000 JavaThread "C1 CompilerThread0" daemon [_thread_blocked, id=20572, stack(0x0000005609000000,0x0000005609100000)]
  0x000001ee59dd1000 JavaThread "Sweeper thread" daemon [_thread_blocked, id=11548, stack(0x0000005609100000,0x0000005609200000)]
  0x000001ee59edc800 JavaThread "Service Thread" daemon [_thread_blocked, id=5628, stack(0x0000005609200000,0x0000005609300000)]
  0x000001ee59ee2000 JavaThread "Common-Cleaner" daemon [_thread_blocked, id=7428, stack(0x0000005609400000,0x0000005609500000)]
  0x000001ee5abf5000 JavaThread "Thread-0" [_thread_blocked, id=5720, stack(0x0000005609800000,0x0000005609900000)]
  0x000001ee5aac2800 JavaThread "restartedMain" [_thread_blocked, id=4320, stack(0x0000005609900000,0x0000005609a00000)]
=>0x000001ee5b3ae000 JavaThread "C2 CompilerThread1" daemon [_thread_in_native, id=23188, stack(0x0000005609500000,0x0000005609600000)]
  0x000001ee5d5ba800 JavaThread "Thread-3" [_thread_blocked, id=14424, stack(0x0000005609a00000,0x0000005609b00000)]

Other Threads:
  0x000001ee593d3000 VMThread "VM Thread" [stack: 0x0000005608a00000,0x0000005608b00000] [id=10308]
  0x000001ee59edf800 WatcherThread [stack: 0x0000005609300000,0x0000005609400000] [id=15216]
  0x000001ee3a895000 GCTaskThread "GC Thread#0" [stack: 0x0000005608500000,0x0000005608600000] [id=22120]
  0x000001ee5ab8d800 GCTaskThread "GC Thread#1" [stack: 0x0000005609600000,0x0000005609700000] [id=3912]
  0x000001ee5a84e000 GCTaskThread "GC Thread#2" [stack: 0x0000005609700000,0x0000005609800000] [id=19388]
  0x000001ee5ad84800 GCTaskThread "GC Thread#3" [stack: 0x0000005609b00000,0x0000005609c00000] [id=16428]
  0x000001ee3a8c5800 ConcurrentGCThread "G1 Main Marker" [stack: 0x0000005608600000,0x0000005608700000] [id=21596]
  0x000001ee3a8c7000 ConcurrentGCThread "G1 Conc#0" [stack: 0x0000005608700000,0x0000005608800000] [id=20704]
  0x000001ee59240800 ConcurrentGCThread "G1 Refine#0" [stack: 0x0000005608800000,0x0000005608900000] [id=22592]
  0x000001ee59241800 ConcurrentGCThread "G1 Young RemSet Sampling" [stack: 0x0000005608900000,0x0000005608a00000] [id=11972]

Threads with active compile tasks:
C2 CompilerThread02266       4       java.net.URLStreamHandler::parseURL (1201 bytes)
C2 CompilerThread12268       4       org.springframework.asm.ClassReader::accept (1373 bytes)

VM state:at safepoint (normal execution)

VM Mutex/Monitor currently owned by a thread:  ([mutex/lock_event])
[0x000001ee3a87ce90] Threads_lock - owner thread: 0x000001ee593d3000
[0x000001ee3a87be40] Heap_lock - owner thread: 0x000001ee5aac2800

Heap address: 0x0000000081200000, size: 2030 MB, Compressed Oops mode: 32-bit
Narrow klass base: 0x0000000000000000, Narrow klass shift: 3
Compressed class space size: 1073741824 Address: 0x0000000100000000

Heap:
 garbage-first heap   total 157696K, used 11014K [0x0000000081200000, 0x0000000100000000)
  region size 1024K, 6 young (6144K), 6 survivors (6144K)
 Metaspace       used 23917K, capacity 24423K, committed 24624K, reserved 1071104K
  class space    used 2639K, capacity 2860K, committed 2944K, reserved 1048576K
Heap Regions: E=young(eden), S=young(survivor), O=old, HS=humongous(starts), HC=humongous(continues), CS=collection set, F=free, A=archive, TAMS=top-at-mark-start (previous, next)
|   0|0x0000000081200000, 0x0000000081300000, 0x0000000081300000|100%|HS|  |TAMS 0x0000000081300000, 0x0000000081200000| Complete 
|   1|0x0000000081300000, 0x0000000081400000, 0x0000000081400000|100%| O|  |TAMS 0x0000000081400000, 0x0000000081300000| Untracked 
|   2|0x0000000081400000, 0x0000000081500000, 0x0000000081500000|100%| O|  |TAMS 0x0000000081500000, 0x0000000081400000| Untracked 
|   3|0x0000000081500000, 0x0000000081600000, 0x0000000081600000|100%| O|  |TAMS 0x00000000815abe00, 0x0000000081500000| Untracked 
|   4|0x0000000081600000, 0x0000000081700000, 0x0000000081700000|100%| O|  |TAMS 0x0000000081600000, 0x0000000081600000| Untracked 
|   5|0x0000000081700000, 0x0000000081782c00, 0x0000000081800000| 51%| O|  |TAMS 0x0000000081700000, 0x0000000081700000| Untracked 
|   6|0x0000000081800000, 0x0000000081800000, 0x0000000081900000|  0%| F|  |TAMS 0x0000000081800000, 0x0000000081800000| Untracked 
|   7|0x0000000081900000, 0x0000000081900000, 0x0000000081a00000|  0%| F|  |TAMS 0x0000000081900000, 0x0000000081900000| Untracked 
|   8|0x0000000081a00000, 0x0000000081a00000, 0x0000000081b00000|  0%| F|  |TAMS 0x0000000081a00000, 0x0000000081a00000| Untracked 
|   9|0x0000000081b00000, 0x0000000081b00000, 0x0000000081c00000|  0%| F|  |TAMS 0x0000000081b00000, 0x0000000081b00000| Untracked 
|  10|0x0000000081c00000, 0x0000000081c00000, 0x0000000081d00000|  0%| F|  |TAMS 0x0000000081c00000, 0x0000000081c00000| Untracked 
|  11|0x0000000081d00000, 0x0000000081d00000, 0x0000000081e00000|  0%| F|  |TAMS 0x0000000081d00000, 0x0000000081d00000| Untracked 
|  12|0x0000000081e00000, 0x0000000081e00000, 0x0000000081f00000|  0%| F|  |TAMS 0x0000000081e00000, 0x0000000081e00000| Untracked 
|  13|0x0000000081f00000, 0x0000000081f00000, 0x0000000082000000|  0%| F|  |TAMS 0x0000000081f00000, 0x0000000081f00000| Untracked 
|  14|0x0000000082000000, 0x0000000082000000, 0x0000000082100000|  0%| F|  |TAMS 0x0000000082000000, 0x0000000082000000| Untracked 
|  15|0x0000000082100000, 0x0000000082100000, 0x0000000082200000|  0%| F|  |TAMS 0x0000000082100000, 0x0000000082100000| Untracked 
|  16|0x0000000082200000, 0x0000000082200000, 0x0000000082300000|  0%| F|  |TAMS 0x0000000082200000, 0x0000000082200000| Untracked 
|  17|0x0000000082300000, 0x0000000082300000, 0x0000000082400000|  0%| F|  |TAMS 0x0000000082300000, 0x0000000082300000| Untracked 
|  18|0x0000000082400000, 0x0000000082400000, 0x0000000082500000|  0%| F|  |TAMS 0x0000000082400000, 0x0000000082400000| Untracked 
|  19|0x0000000082500000, 0x0000000082500000, 0x0000000082600000|  0%| F|  |TAMS 0x0000000082500000, 0x0000000082500000| Untracked 
|  20|0x0000000082600000, 0x0000000082600000, 0x0000000082700000|  0%| F|  |TAMS 0x0000000082600000, 0x0000000082600000| Untracked 
|  21|0x0000000082700000, 0x0000000082700000, 0x0000000082800000|  0%| F|  |TAMS 0x0000000082700000, 0x0000000082700000| Untracked 
|  22|0x0000000082800000, 0x0000000082800000, 0x0000000082900000|  0%| F|  |TAMS 0x0000000082800000, 0x0000000082800000| Untracked 
|  23|0x0000000082900000, 0x0000000082900000, 0x0000000082a00000|  0%| F|  |TAMS 0x0000000082900000, 0x0000000082900000| Untracked 
|  24|0x0000000082a00000, 0x0000000082a00000, 0x0000000082b00000|  0%| F|  |TAMS 0x0000000082a00000, 0x0000000082a00000| Untracked 
|  25|0x0000000082b00000, 0x0000000082b00000, 0x0000000082c00000|  0%| F|  |TAMS 0x0000000082b00000, 0x0000000082b00000| Untracked 
|  26|0x0000000082c00000, 0x0000000082c00000, 0x0000000082d00000|  0%| F|  |TAMS 0x0000000082c00000, 0x0000000082c00000| Untracked 
|  27|0x0000000082d00000, 0x0000000082d00000, 0x0000000082e00000|  0%| F|  |TAMS 0x0000000082d00000, 0x0000000082d00000| Untracked 
|  28|0x0000000082e00000, 0x0000000082e00000, 0x0000000082f00000|  0%| F|  |TAMS 0x0000000082e00000, 0x0000000082e00000| Untracked 
|  29|0x0000000082f00000, 0x0000000082f00000, 0x0000000083000000|  0%| F|  |TAMS 0x0000000082f00000, 0x0000000082f00000| Untracked 
|  30|0x0000000083000000, 0x0000000083000000, 0x0000000083100000|  0%| F|  |TAMS 0x0000000083000000, 0x0000000083000000| Untracked 
|  31|0x0000000083100000, 0x0000000083100000, 0x0000000083200000|  0%| F|  |TAMS 0x0000000083100000, 0x0000000083100000| Untracked 
|  32|0x0000000083200000, 0x0000000083200000, 0x0000000083300000|  0%| F|  |TAMS 0x0000000083200000, 0x0000000083200000| Untracked 
|  33|0x0000000083300000, 0x0000000083300000, 0x0000000083400000|  0%| F|  |TAMS 0x0000000083300000, 0x0000000083300000| Untracked 
|  34|0x0000000083400000, 0x0000000083400000, 0x0000000083500000|  0%| F|  |TAMS 0x0000000083400000, 0x0000000083400000| Untracked 
|  35|0x0000000083500000, 0x0000000083500000, 0x0000000083600000|  0%| F|  |TAMS 0x0000000083500000, 0x0000000083500000| Untracked 
|  36|0x0000000083600000, 0x0000000083600000, 0x0000000083700000|  0%| F|  |TAMS 0x0000000083600000, 0x0000000083600000| Untracked 
|  37|0x0000000083700000, 0x0000000083700000, 0x0000000083800000|  0%| F|  |TAMS 0x0000000083700000, 0x0000000083700000| Untracked 
|  38|0x0000000083800000, 0x0000000083800000, 0x0000000083900000|  0%| F|  |TAMS 0x0000000083800000, 0x0000000083800000| Untracked 
|  39|0x0000000083900000, 0x0000000083900000, 0x0000000083a00000|  0%| F|  |TAMS 0x0000000083900000, 0x0000000083900000| Untracked 
|  40|0x0000000083a00000, 0x0000000083a00000, 0x0000000083b00000|  0%| F|  |TAMS 0x0000000083a00000, 0x0000000083a00000| Untracked 
|  41|0x0000000083b00000, 0x0000000083b00000, 0x0000000083c00000|  0%| F|  |TAMS 0x0000000083b00000, 0x0000000083b00000| Untracked 
|  42|0x0000000083c00000, 0x0000000083c00000, 0x0000000083d00000|  0%| F|  |TAMS 0x0000000083c00000, 0x0000000083c00000| Untracked 
|  43|0x0000000083d00000, 0x0000000083d00000, 0x0000000083e00000|  0%| F|  |TAMS 0x0000000083d00000, 0x0000000083d00000| Untracked 
|  44|0x0000000083e00000, 0x0000000083e00000, 0x0000000083f00000|  0%| F|  |TAMS 0x0000000083e00000, 0x0000000083e00000| Untracked 
|  45|0x0000000083f00000, 0x0000000083f00000, 0x0000000084000000|  0%| F|  |TAMS 0x0000000083f00000, 0x0000000083f00000| Untracked 
|  46|0x0000000084000000, 0x000000008403ee78, 0x0000000084100000| 24%| S|CS|TAMS 0x0000000084000000, 0x0000000084000000| Complete 
|  47|0x0000000084100000, 0x0000000084200000, 0x0000000084200000|100%| S|CS|TAMS 0x0000000084100000, 0x0000000084100000| Complete 
|  48|0x0000000084200000, 0x0000000084300000, 0x0000000084300000|100%| S|CS|TAMS 0x0000000084200000, 0x0000000084200000| Complete 
|  49|0x0000000084300000, 0x0000000084300000, 0x0000000084400000|  0%| F|  |TAMS 0x0000000084300000, 0x0000000084300000| Untracked 
|  50|0x0000000084400000, 0x0000000084400000, 0x0000000084500000|  0%| F|  |TAMS 0x0000000084400000, 0x0000000084400000| Untracked 
|  51|0x0000000084500000, 0x0000000084500000, 0x0000000084600000|  0%| F|  |TAMS 0x0000000084500000, 0x0000000084500000| Untracked 
|  52|0x0000000084600000, 0x0000000084600000, 0x0000000084700000|  0%| F|  |TAMS 0x0000000084600000, 0x0000000084600000| Untracked 
|  53|0x0000000084700000, 0x0000000084700000, 0x0000000084800000|  0%| F|  |TAMS 0x0000000084700000, 0x0000000084700000| Untracked 
|  54|0x0000000084800000, 0x0000000084800000, 0x0000000084900000|  0%| F|  |TAMS 0x0000000084800000, 0x0000000084800000| Untracked 
|  55|0x0000000084900000, 0x0000000084900000, 0x0000000084a00000|  0%| F|  |TAMS 0x0000000084900000, 0x0000000084900000| Untracked 
|  56|0x0000000084a00000, 0x0000000084b00000, 0x0000000084b00000|100%| S|CS|TAMS 0x0000000084a00000, 0x0000000084a00000| Complete 
|  57|0x0000000084b00000, 0x0000000084c00000, 0x0000000084c00000|100%| S|CS|TAMS 0x0000000084b00000, 0x0000000084b00000| Complete 
|  58|0x0000000084c00000, 0x0000000084d00000, 0x0000000084d00000|100%| S|CS|TAMS 0x0000000084c00000, 0x0000000084c00000| Complete 
|  59|0x0000000084d00000, 0x0000000084d00000, 0x0000000084e00000|  0%| F|  |TAMS 0x0000000084d00000, 0x0000000084d00000| Untracked 
|  60|0x0000000084e00000, 0x0000000084e00000, 0x0000000084f00000|  0%| F|  |TAMS 0x0000000084e00000, 0x0000000084e00000| Untracked 
|  61|0x0000000084f00000, 0x0000000084f00000, 0x0000000085000000|  0%| F|  |TAMS 0x0000000084f00000, 0x0000000084f00000| Untracked 
|  62|0x0000000085000000, 0x0000000085000000, 0x0000000085100000|  0%| F|  |TAMS 0x0000000085000000, 0x0000000085000000| Untracked 
|  63|0x0000000085100000, 0x0000000085100000, 0x0000000085200000|  0%| F|  |TAMS 0x0000000085100000, 0x0000000085100000| Untracked 
|  64|0x0000000085200000, 0x0000000085200000, 0x0000000085300000|  0%| F|  |TAMS 0x0000000085200000, 0x0000000085200000| Untracked 
|  65|0x0000000085300000, 0x0000000085300000, 0x0000000085400000|  0%| F|  |TAMS 0x0000000085300000, 0x0000000085300000| Untracked 
|  66|0x0000000085400000, 0x0000000085400000, 0x0000000085500000|  0%| F|  |TAMS 0x0000000085400000, 0x0000000085400000| Untracked 
|  67|0x0000000085500000, 0x0000000085500000, 0x0000000085600000|  0%| F|  |TAMS 0x0000000085500000, 0x0000000085500000| Untracked 
|  68|0x0000000085600000, 0x0000000085600000, 0x0000000085700000|  0%| F|  |TAMS 0x0000000085600000, 0x0000000085600000| Untracked 
|  69|0x0000000085700000, 0x0000000085700000, 0x0000000085800000|  0%| F|  |TAMS 0x0000000085700000, 0x0000000085700000| Untracked 
|  70|0x0000000085800000, 0x0000000085800000, 0x0000000085900000|  0%| F|  |TAMS 0x0000000085800000, 0x0000000085800000| Untracked 
|  71|0x0000000085900000, 0x0000000085900000, 0x0000000085a00000|  0%| F|  |TAMS 0x0000000085900000, 0x0000000085900000| Untracked 
|  72|0x0000000085a00000, 0x0000000085a00000, 0x0000000085b00000|  0%| F|  |TAMS 0x0000000085a00000, 0x0000000085a00000| Untracked 
|  73|0x0000000085b00000, 0x0000000085b00000, 0x0000000085c00000|  0%| F|  |TAMS 0x0000000085b00000, 0x0000000085b00000| Untracked 
|  74|0x0000000085c00000, 0x0000000085c00000, 0x0000000085d00000|  0%| F|  |TAMS 0x0000000085c00000, 0x0000000085c00000| Untracked 
|  75|0x0000000085d00000, 0x0000000085d00000, 0x0000000085e00000|  0%| F|  |TAMS 0x0000000085d00000, 0x0000000085d00000| Untracked 
|  76|0x0000000085e00000, 0x0000000085e00000, 0x0000000085f00000|  0%| F|  |TAMS 0x0000000085e00000, 0x0000000085e00000| Untracked 
|  77|0x0000000085f00000, 0x0000000085f00000, 0x0000000086000000|  0%| F|  |TAMS 0x0000000085f00000, 0x0000000085f00000| Untracked 
|  78|0x0000000086000000, 0x0000000086000000, 0x0000000086100000|  0%| F|  |TAMS 0x0000000086000000, 0x0000000086000000| Untracked 
|  79|0x0000000086100000, 0x0000000086100000, 0x0000000086200000|  0%| F|  |TAMS 0x0000000086100000, 0x0000000086100000| Untracked 
|  80|0x0000000086200000, 0x0000000086200000, 0x0000000086300000|  0%| F|  |TAMS 0x0000000086200000, 0x0000000086200000| Untracked 
|  81|0x0000000086300000, 0x0000000086300000, 0x0000000086400000|  0%| F|  |TAMS 0x0000000086300000, 0x0000000086300000| Untracked 
|  82|0x0000000086400000, 0x0000000086400000, 0x0000000086500000|  0%| F|  |TAMS 0x0000000086400000, 0x0000000086400000| Untracked 
|  83|0x0000000086500000, 0x0000000086500000, 0x0000000086600000|  0%| F|  |TAMS 0x0000000086500000, 0x0000000086500000| Untracked 
|  84|0x0000000086600000, 0x0000000086600000, 0x0000000086700000|  0%| F|  |TAMS 0x0000000086600000, 0x0000000086600000| Untracked 
|  85|0x0000000086700000, 0x0000000086700000, 0x0000000086800000|  0%| F|  |TAMS 0x0000000086700000, 0x0000000086700000| Untracked 
|  86|0x0000000086800000, 0x0000000086800000, 0x0000000086900000|  0%| F|  |TAMS 0x0000000086800000, 0x0000000086800000| Untracked 
|  87|0x0000000086900000, 0x0000000086900000, 0x0000000086a00000|  0%| F|  |TAMS 0x0000000086900000, 0x0000000086900000| Untracked 
|  88|0x0000000086a00000, 0x0000000086a00000, 0x0000000086b00000|  0%| F|  |TAMS 0x0000000086a00000, 0x0000000086a00000| Untracked 
|  89|0x0000000086b00000, 0x0000000086b00000, 0x0000000086c00000|  0%| F|  |TAMS 0x0000000086b00000, 0x0000000086b00000| Untracked 
|  90|0x0000000086c00000, 0x0000000086c00000, 0x0000000086d00000|  0%| F|  |TAMS 0x0000000086c00000, 0x0000000086c00000| Untracked 
|  91|0x0000000086d00000, 0x0000000086d00000, 0x0000000086e00000|  0%| F|  |TAMS 0x0000000086d00000, 0x0000000086d00000| Untracked 
|  92|0x0000000086e00000, 0x0000000086e00000, 0x0000000086f00000|  0%| F|  |TAMS 0x0000000086e00000, 0x0000000086e00000| Untracked 
|  93|0x0000000086f00000, 0x0000000086f00000, 0x0000000087000000|  0%| F|  |TAMS 0x0000000086f00000, 0x0000000086f00000| Untracked 
|  94|0x0000000087000000, 0x0000000087000000, 0x0000000087100000|  0%| F|  |TAMS 0x0000000087000000, 0x0000000087000000| Untracked 
|  95|0x0000000087100000, 0x0000000087100000, 0x0000000087200000|  0%| F|  |TAMS 0x0000000087100000, 0x0000000087100000| Untracked 
|  96|0x0000000087200000, 0x0000000087200000, 0x0000000087300000|  0%| F|  |TAMS 0x0000000087200000, 0x0000000087200000| Untracked 
|  97|0x0000000087300000, 0x0000000087300000, 0x0000000087400000|  0%| F|  |TAMS 0x0000000087300000, 0x0000000087300000| Untracked 
|  98|0x0000000087400000, 0x0000000087400000, 0x0000000087500000|  0%| F|  |TAMS 0x0000000087400000, 0x0000000087400000| Untracked 
|  99|0x0000000087500000, 0x0000000087500000, 0x0000000087600000|  0%| F|  |TAMS 0x0000000087500000, 0x0000000087500000| Untracked 
| 100|0x0000000087600000, 0x0000000087600000, 0x0000000087700000|  0%| F|  |TAMS 0x0000000087600000, 0x0000000087600000| Untracked 
| 101|0x0000000087700000, 0x0000000087700000, 0x0000000087800000|  0%| F|  |TAMS 0x0000000087700000, 0x0000000087700000| Untracked 
| 102|0x0000000087800000, 0x0000000087800000, 0x0000000087900000|  0%| F|  |TAMS 0x0000000087800000, 0x0000000087800000| Untracked 
| 103|0x0000000087900000, 0x0000000087900000, 0x0000000087a00000|  0%| F|  |TAMS 0x0000000087900000, 0x0000000087900000| Untracked 
| 104|0x0000000087a00000, 0x0000000087a00000, 0x0000000087b00000|  0%| F|  |TAMS 0x0000000087a00000, 0x0000000087a00000| Untracked 
| 105|0x0000000087b00000, 0x0000000087b00000, 0x0000000087c00000|  0%| F|  |TAMS 0x0000000087b00000, 0x0000000087b00000| Untracked 
| 106|0x0000000087c00000, 0x0000000087c00000, 0x0000000087d00000|  0%| F|  |TAMS 0x0000000087c00000, 0x0000000087c00000| Untracked 
| 107|0x0000000087d00000, 0x0000000087d00000, 0x0000000087e00000|  0%| F|  |TAMS 0x0000000087d00000, 0x0000000087d00000| Untracked 
| 108|0x0000000087e00000, 0x0000000087e00000, 0x0000000087f00000|  0%| F|  |TAMS 0x0000000087e00000, 0x0000000087e00000| Untracked 
| 109|0x0000000087f00000, 0x0000000087f00000, 0x0000000088000000|  0%| F|  |TAMS 0x0000000087f00000, 0x0000000087f00000| Untracked 
| 110|0x0000000088000000, 0x0000000088000000, 0x0000000088100000|  0%| F|  |TAMS 0x0000000088000000, 0x0000000088000000| Untracked 
| 111|0x0000000088100000, 0x0000000088100000, 0x0000000088200000|  0%| F|  |TAMS 0x0000000088100000, 0x0000000088100000| Untracked 
| 112|0x0000000088200000, 0x0000000088200000, 0x0000000088300000|  0%| F|  |TAMS 0x0000000088200000, 0x0000000088200000| Untracked 
| 113|0x0000000088300000, 0x0000000088300000, 0x0000000088400000|  0%| F|  |TAMS 0x0000000088300000, 0x0000000088300000| Untracked 
| 114|0x0000000088400000, 0x0000000088400000, 0x0000000088500000|  0%| F|  |TAMS 0x0000000088400000, 0x0000000088400000| Untracked 
| 115|0x0000000088500000, 0x0000000088500000, 0x0000000088600000|  0%| F|  |TAMS 0x0000000088500000, 0x0000000088500000| Untracked 
| 116|0x0000000088600000, 0x0000000088600000, 0x0000000088700000|  0%| F|  |TAMS 0x0000000088600000, 0x0000000088600000| Untracked 
| 117|0x0000000088700000, 0x0000000088700000, 0x0000000088800000|  0%| F|  |TAMS 0x0000000088700000, 0x0000000088700000| Untracked 
| 118|0x0000000088800000, 0x0000000088800000, 0x0000000088900000|  0%| F|  |TAMS 0x0000000088800000, 0x0000000088800000| Untracked 
| 119|0x0000000088900000, 0x0000000088900000, 0x0000000088a00000|  0%| F|  |TAMS 0x0000000088900000, 0x0000000088900000| Untracked 
| 120|0x0000000088a00000, 0x0000000088a00000, 0x0000000088b00000|  0%| F|  |TAMS 0x0000000088a00000, 0x0000000088a00000| Untracked 
| 121|0x0000000088b00000, 0x0000000088b00000, 0x0000000088c00000|  0%| F|  |TAMS 0x0000000088b00000, 0x0000000088b00000| Untracked 
| 122|0x0000000088c00000, 0x0000000088c00000, 0x0000000088d00000|  0%| F|  |TAMS 0x0000000088c00000, 0x0000000088c00000| Untracked 
| 123|0x0000000088d00000, 0x0000000088d00000, 0x0000000088e00000|  0%| F|  |TAMS 0x0000000088d00000, 0x0000000088d00000| Untracked 
| 124|0x0000000088e00000, 0x0000000088e00000, 0x0000000088f00000|  0%| F|  |TAMS 0x0000000088e00000, 0x0000000088e00000| Untracked 
| 125|0x0000000088f00000, 0x0000000088f00000, 0x0000000089000000|  0%| F|  |TAMS 0x0000000088f00000, 0x0000000088f00000| Untracked 
| 126|0x0000000089000000, 0x0000000089000000, 0x0000000089100000|  0%| F|  |TAMS 0x0000000089000000, 0x0000000089000000| Untracked 
| 127|0x0000000089100000, 0x0000000089100000, 0x0000000089200000|  0%| F|  |TAMS 0x0000000089100000, 0x0000000089100000| Untracked 

Card table byte_map: [0x000001ee52610000,0x000001ee52a10000] _byte_map_base: 0x000001ee52207000

Marking Bits (Prev, Next): (CMBitMap*) 0x000001ee3a8bcf90, (CMBitMap*) 0x000001ee3a8bcf58
 Prev Bits: [0x000001ee54dd0000, 0x000001ee56d88000)
 Next Bits: [0x000001ee52e10000, 0x000001ee54dc8000)

Polling page: 0x000001ee38f90000

Metaspace:

Usage:
  Non-class:     21.06 MB capacity,    20.78 MB ( 99%) used,   222.71 KB (  1%) free+waste,    61.81 KB ( <1%) overhead. 
      Class:      2.79 MB capacity,     2.58 MB ( 92%) used,   190.71 KB (  7%) free+waste,    30.00 KB (  1%) overhead. 
       Both:     23.85 MB capacity,    23.36 MB ( 98%) used,   413.42 KB (  2%) free+waste,    91.81 KB ( <1%) overhead. 

Virtual space:
  Non-class space:       22.00 MB reserved,      21.17 MB ( 96%) committed 
      Class space:        1.00 GB reserved,       2.88 MB ( <1%) committed 
             Both:        1.02 GB reserved,      24.05 MB (  2%) committed 

Chunk freelists:
   Non-Class:  6.63 KB
       Class:  2.50 KB
        Both:  9.13 KB

CodeHeap 'non-profiled nmethods': size=120064Kb used=1071Kb max_used=1071Kb free=118992Kb
 bounds [0x000001ee4a6b0000, 0x000001ee4a920000, 0x000001ee51bf0000]
CodeHeap 'profiled nmethods': size=120000Kb used=4745Kb max_used=4745Kb free=115254Kb
 bounds [0x000001ee43180000, 0x000001ee43630000, 0x000001ee4a6b0000]
CodeHeap 'non-nmethods': size=5696Kb used=1116Kb max_used=1165Kb free=4579Kb
 bounds [0x000001ee42bf0000, 0x000001ee42e60000, 0x000001ee43180000]
 total_blobs=3338 nmethods=2213 adapters=344
 compilation: enabled
              stopped_count=0, restarted_count=0
 full_count=0

Compilation events (10 events):
Event: 5.187 Thread 0x000001ee59dc4000 2337       3       java.util.Arrays$ArrayList::<init> (16 bytes)
Event: 5.187 Thread 0x000001ee59dc4000 nmethod 2337 0x000001ee43622090 code [0x000001ee43622280, 0x000001ee436226b0]
Event: 5.191 Thread 0x000001ee59dc4000 2338       3       java.lang.ReflectiveOperationException::<init> (7 bytes)
Event: 5.192 Thread 0x000001ee59dc4000 nmethod 2338 0x000001ee43622810 code [0x000001ee436229e0, 0x000001ee43622bd0]
Event: 5.192 Thread 0x000001ee59dc4000 2339       3       java.lang.Exception::<init> (7 bytes)
Event: 5.192 Thread 0x000001ee59dc4000 nmethod 2339 0x000001ee43622c90 code [0x000001ee43622e40, 0x000001ee43622fd0]
Event: 5.192 Thread 0x000001ee59dc4000 2340       3       java.lang.ClassNotFoundException::<init> (7 bytes)
Event: 5.192 Thread 0x000001ee59dc4000 nmethod 2340 0x000001ee43623090 code [0x000001ee43623260, 0x000001ee436234d0]
Event: 5.192 Thread 0x000001ee59dc4000 2341       3       java.lang.String::contains (19 bytes)
Event: 5.193 Thread 0x000001ee59dc4000 nmethod 2341 0x000001ee43623610 code [0x000001ee436237e0, 0x000001ee43623aa0]

GC Heap History (9 events):
Event: 1.134 GC heap before
{Heap before GC invocations=0 (full 0):
 garbage-first heap   total 131072K, used 15360K [0x0000000081200000, 0x0000000100000000)
  region size 1024K, 14 young (14336K), 0 survivors (0K)
 Metaspace       used 9030K, capacity 9244K, committed 9344K, reserved 1058816K
  class space    used 808K, capacity 868K, committed 896K, reserved 1048576K
}
Event: 1.146 GC heap after
{Heap after GC invocations=1 (full 0):
 garbage-first heap   total 131072K, used 5807K [0x0000000081200000, 0x0000000100000000)
  region size 1024K, 2 young (2048K), 2 survivors (2048K)
 Metaspace       used 9030K, capacity 9244K, committed 9344K, reserved 1058816K
  class space    used 808K, capacity 868K, committed 896K, reserved 1048576K
}
Event: 2.126 GC heap before
{Heap before GC invocations=1 (full 0):
 garbage-first heap   total 131072K, used 76463K [0x0000000081200000, 0x0000000100000000)
  region size 1024K, 72 young (73728K), 2 survivors (2048K)
 Metaspace       used 16205K, capacity 16598K, committed 16768K, reserved 1064960K
  class space    used 1727K, capacity 1868K, committed 1920K, reserved 1048576K
}
Event: 2.135 GC heap after
{Heap after GC invocations=2 (full 0):
 garbage-first heap   total 131072K, used 7389K [0x0000000081200000, 0x0000000100000000)
  region size 1024K, 4 young (4096K), 4 survivors (4096K)
 Metaspace       used 16205K, capacity 16598K, committed 16768K, reserved 1064960K
  class space    used 1727K, capacity 1868K, committed 1920K, reserved 1048576K
}
Event: 3.003 GC heap before
{Heap before GC invocations=2 (full 0):
 garbage-first heap   total 131072K, used 28893K [0x0000000081200000, 0x0000000100000000)
  region size 1024K, 27 young (27648K), 4 survivors (4096K)
 Metaspace       used 20732K, capacity 21220K, committed 21296K, reserved 1069056K
  class space    used 2242K, capacity 2432K, committed 2432K, reserved 1048576K
}
Event: 3.013 GC heap after
{Heap after GC invocations=3 (full 0):
 garbage-first heap   total 131072K, used 7975K [0x0000000081200000, 0x0000000100000000)
  region size 1024K, 5 young (5120K), 5 survivors (5120K)
 Metaspace       used 20732K, capacity 21220K, committed 21296K, reserved 1069056K
  class space    used 2242K, capacity 2432K, committed 2432K, reserved 1048576K
}
Event: 4.614 GC heap before
{Heap before GC invocations=4 (full 0):
 garbage-first heap   total 131072K, used 75559K [0x0000000081200000, 0x0000000100000000)
  region size 1024K, 72 young (73728K), 5 survivors (5120K)
 Metaspace       used 23558K, capacity 24164K, committed 24368K, reserved 1071104K
  class space    used 2600K, capacity 2817K, committed 2944K, reserved 1048576K
}
Event: 4.624 GC heap after
{Heap after GC invocations=5 (full 0):
 garbage-first heap   total 131072K, used 10065K [0x0000000081200000, 0x0000000100000000)
  region size 1024K, 7 young (7168K), 7 survivors (7168K)
 Metaspace       used 23558K, capacity 24164K, committed 24368K, reserved 1071104K
  class space    used 2600K, capacity 2817K, committed 2944K, reserved 1048576K
}
Event: 5.204 GC heap before
{Heap before GC invocations=5 (full 0):
 garbage-first heap   total 131072K, used 79697K [0x0000000081200000, 0x0000000100000000)
  region size 1024K, 76 young (77824K), 7 survivors (7168K)
 Metaspace       used 23917K, capacity 24423K, committed 24624K, reserved 1071104K
  class space    used 2639K, capacity 2860K, committed 2944K, reserved 1048576K
}

Deoptimization events (10 events):
Event: 3.547 Thread 0x000001ee5aac2800 Uncommon trap: reason=unstable_if action=reinterpret pc=0x000001ee4a6c86ac method=java.util.zip.ZipFile$Source.getEntryPos([BZ)I @ 156 c2
Event: 3.547 Thread 0x000001ee5aac2800 Uncommon trap: reason=unstable_if action=reinterpret pc=0x000001ee4a72881c method=jdk.internal.loader.URLClassPath$JarLoader.findResource(Ljava/lang/String;Z)Ljava/net/URL; @ 8 c2
Event: 3.549 Thread 0x000001ee5aac2800 Uncommon trap: reason=unstable_if action=reinterpret pc=0x000001ee4a6e8fa4 method=java.util.jar.JarFile.getVersionedEntry(Ljava/lang/String;Ljava/util/jar/JarEntry;)Ljava/util/jar/JarEntry; @ 67 c2
Event: 3.609 Thread 0x000001ee5acfc800 Uncommon trap: reason=unstable_if action=reinterpret pc=0x000001ee4a7142ac method=jdk.internal.org.objectweb.asm.Type.getArgumentsAndReturnSizes(Ljava/lang/String;)I @ 47 c2
Event: 3.609 Thread 0x000001ee5acfc800 Uncommon trap: reason=unstable_if action=reinterpret pc=0x000001ee4a739d78 method=jdk.internal.org.objectweb.asm.Frame.push(Ljdk/internal/org/objectweb/asm/ClassWriter;Ljava/lang/String;)V @ 18 c2
Event: 3.887 Thread 0x000001ee5aac2800 Uncommon trap: reason=intrinsic_or_type_checked_inlining action=make_not_entrant pc=0x000001ee4a762f78 method=java.util.Arrays.copyOf([Ljava/lang/Object;ILjava/lang/Class;)[Ljava/lang/Object; @ 35 c2
Event: 4.299 Thread 0x000001ee5aac2800 Uncommon trap: reason=unstable_if action=reinterpret pc=0x000001ee4a7797f0 method=java.lang.String.<init>([CIILjava/lang/Void;)V @ 5 c2
Event: 5.036 Thread 0x000001ee5aac2800 Uncommon trap: reason=unstable_if action=reinterpret pc=0x000001ee4a7a96bc method=org.springframework.asm.ClassReader.readMethod(Lorg/springframework/asm/ClassVisitor;Lorg/springframework/asm/Context;I)I @ 589 c2
Event: 5.103 Thread 0x000001ee5aac2800 Uncommon trap: reason=unstable_if action=reinterpret pc=0x000001ee4a7b80ec method=sun.net.www.ParseUtil.decode(Ljava/lang/String;)Ljava/lang/String; @ 15 c2
Event: 5.157 Thread 0x000001ee5aac2800 Uncommon trap: reason=unstable_if action=reinterpret pc=0x000001ee4a73e554 method=java.lang.String.<init>([CIILjava/lang/Void;)V @ 5 c2

Classes redefined (0 events):
No events

Internal exceptions (10 events):
Event: 3.453 Thread 0x000001ee5aac2800 Exception <a 'java/lang/ClassNotFoundException'{0x0000000088be0270}: org/springframework/beans/factory/AwareCustomizer> (0x0000000088be0270) thrown at [t:/workspace/open/src/hotspot/share/classfile/systemDictionary.cpp, line 231]
Event: 3.454 Thread 0x000001ee5aac2800 Exception <a 'java/lang/ClassNotFoundException'{0x000000008898c738}: org/springframework/context/EnvironmentAwareCustomizer> (0x000000008898c738) thrown at [t:/workspace/open/src/hotspot/share/classfile/systemDictionary.cpp, line 231]
Event: 3.455 Thread 0x000001ee5aac2800 Exception <a 'java/lang/ClassNotFoundException'{0x0000000088998d60}: org/springframework/beans/factory/AwareCustomizer> (0x0000000088998d60) thrown at [t:/workspace/open/src/hotspot/share/classfile/systemDictionary.cpp, line 231]
Event: 3.609 Thread 0x000001ee5acfc800 Exception <a 'java/lang/NoSuchMethodError'{0x000000008867a268}: java.lang.invoke.DirectMethodHandle$Holder.invokeSpecial(Ljava/lang/Object;Ljava/lang/Object;)J> (0x000000008867a268) thrown at [t:/workspace/open/src/hotspot/share/interpreter/linkResolver.c
Event: 3.617 Thread 0x000001ee5acfc800 Exception <a 'java/lang/NoSuchMethodError'{0x0000000088684a18}: java.lang.invoke.DirectMethodHandle$Holder.invokeStatic(Ljava/lang/Object;Ljava/lang/Object;)J> (0x0000000088684a18) thrown at [t:/workspace/open/src/hotspot/share/interpreter/linkResolver.cp
Event: 3.628 Thread 0x000001ee5acfc800 Exception <a 'java/lang/NoSuchMethodError'{0x0000000088687840}: java.lang.invoke.DirectMethodHandle$Holder.invokeStaticInit(Ljava/lang/Object;Ljava/lang/Object;)J> (0x0000000088687840) thrown at [t:/workspace/open/src/hotspot/share/interpreter/linkResolve
Event: 3.633 Thread 0x000001ee5acfc800 Exception <a 'java/lang/NoSuchMethodError'{0x0000000088693d00}: java.lang.invoke.DirectMethodHandle$Holder.invokeInterface(Ljava/lang/Object;Ljava/lang/Object;)J> (0x0000000088693d00) thrown at [t:/workspace/open/src/hotspot/share/interpreter/linkResolver
Event: 3.633 Thread 0x000001ee5acfc800 Exception <a 'java/lang/IncompatibleClassChangeError'{0x0000000088696a98}: Found class java.lang.Object, but interface was expected> (0x0000000088696a98) thrown at [t:/workspace/open/src/hotspot/share/interpreter/linkResolver.cpp, line 838]
Event: 3.788 Thread 0x000001ee5acfc800 Exception <a 'java/lang/NoSuchMethodError'{0x0000000088274040}: java.lang.invoke.DirectMethodHandle$Holder.invokeVirtual(Ljava/lang/Object;Ljava/lang/Object;Ljava/lang/Object;Ljava/lang/Object;)Ljava/lang/Object;> (0x0000000088274040) thrown at [t:/worksp
Event: 5.131 Thread 0x000001ee5aac2800 Exception <a 'java/lang/NoSuchMethodError'{0x0000000086663888}: java.lang.invoke.DirectMethodHandle$Holder.invokeSpecialIFC(Ljava/lang/Object;Ljava/lang/Object;Ljava/lang/Object;Ljava/lang/Object;)I> (0x0000000086663888) thrown at [t:/workspace/open/src/h

Events (10 events):
Event: 5.198 loading class org/springframework/data/elasticsearch/core/ElasticsearchTemplate done
Event: 5.198 loading class com/samskivert/mustache/Mustache
Event: 5.198 loading class com/samskivert/mustache/Mustache done
Event: 5.198 loading class org/elasticsearch/client/Client
Event: 5.198 loading class org/elasticsearch/client/Client done
Event: 5.199 loading class javax/persistence/EntityManager
Event: 5.199 loading class javax/persistence/EntityManager done
Event: 5.199 loading class org/hibernate/engine/spi/SessionImplementor
Event: 5.199 loading class org/hibernate/engine/spi/SessionImplementor done
Event: 5.204 Executing VM operation: G1CollectForAllocation


Dynamic libraries:
0x00007ff762a90000 - 0x00007ff762ad5000 	C:\Program Files\Java\jdk-11.0.2\bin\javaw.exe
0x00007ffe84a20000 - 0x00007ffe84c10000 	C:\WINDOWS\SYSTEM32\ntdll.dll
0x00007ffe83600000 - 0x00007ffe836b2000 	C:\WINDOWS\System32\KERNEL32.DLL
0x00007ffe81be0000 - 0x00007ffe81e85000 	C:\WINDOWS\System32\KERNELBASE.dll
0x00007ffe82b50000 - 0x00007ffe82ce4000 	C:\WINDOWS\System32\USER32.dll
0x00007ffe81e90000 - 0x00007ffe81eb1000 	C:\WINDOWS\System32\win32u.dll
0x00007ffe84690000 - 0x00007ffe846b6000 	C:\WINDOWS\System32\GDI32.dll
0x00007ffe826e0000 - 0x00007ffe82876000 	C:\WINDOWS\System32\gdi32full.dll
0x00007ffe81b40000 - 0x00007ffe81bde000 	C:\WINDOWS\System32\msvcp_win.dll
0x00007ffe82880000 - 0x00007ffe8297a000 	C:\WINDOWS\System32\ucrtbase.dll
0x00007ffe62c30000 - 0x00007ffe62eb4000 	C:\WINDOWS\WinSxS\amd64_microsoft.windows.common-controls_6595b64144ccf1df_6.0.18362.1256_none_9e7e379be45e40e2\COMCTL32.dll
0x00007ffe82ec0000 - 0x00007ffe82f5e000 	C:\WINDOWS\System32\msvcrt.dll
0x00007ffe83230000 - 0x00007ffe83566000 	C:\WINDOWS\System32\combase.dll
0x00007ffe83070000 - 0x00007ffe83190000 	C:\WINDOWS\System32\RPCRT4.dll
0x00007ffe819b0000 - 0x00007ffe81a31000 	C:\WINDOWS\System32\bcryptPrimitives.dll
0x00007ffe849b0000 - 0x00007ffe849de000 	C:\WINDOWS\System32\IMM32.DLL
0x00007ffe697e0000 - 0x00007ffe697f6000 	C:\Program Files\Java\jdk-11.0.2\bin\vcruntime140.dll
0x00007ffe5db40000 - 0x00007ffe5dbea000 	C:\Program Files\Java\jdk-11.0.2\bin\msvcp140.dll
0x00007ffe426c0000 - 0x00007ffe431e3000 	C:\Program Files\Java\jdk-11.0.2\bin\server\jvm.dll
0x00007ffe84720000 - 0x00007ffe847c3000 	C:\WINDOWS\System32\ADVAPI32.dll
0x00007ffe83190000 - 0x00007ffe83227000 	C:\WINDOWS\System32\sechost.dll
0x00007ffe82de0000 - 0x00007ffe82de8000 	C:\WINDOWS\System32\PSAPI.DLL
0x00007ffe6a610000 - 0x00007ffe6a619000 	C:\WINDOWS\SYSTEM32\WSOCK32.dll
0x00007ffe83590000 - 0x00007ffe835ff000 	C:\WINDOWS\System32\WS2_32.dll
0x00007ffe7f990000 - 0x00007ffe7f9b4000 	C:\WINDOWS\SYSTEM32\WINMM.dll
0x00007ffe7b890000 - 0x00007ffe7b89a000 	C:\WINDOWS\SYSTEM32\VERSION.dll
0x00007ffe7f960000 - 0x00007ffe7f98d000 	C:\WINDOWS\SYSTEM32\WINMMBASE.dll
0x00007ffe81af0000 - 0x00007ffe81b3a000 	C:\WINDOWS\System32\cfgmgr32.dll
0x00007ffe818d0000 - 0x00007ffe818e1000 	C:\WINDOWS\System32\kernel.appcore.dll
0x00007ffe79e70000 - 0x00007ffe79e81000 	C:\Program Files\Java\jdk-11.0.2\bin\verify.dll
0x00007ffe6acb0000 - 0x00007ffe6aea4000 	C:\WINDOWS\SYSTEM32\DBGHELP.DLL
0x00007ffe69cd0000 - 0x00007ffe69cfa000 	C:\WINDOWS\SYSTEM32\dbgcore.DLL
0x00007ffe69840000 - 0x00007ffe69868000 	C:\Program Files\Java\jdk-11.0.2\bin\java.dll
0x00007ffe79e10000 - 0x00007ffe79e26000 	C:\Program Files\Java\jdk-11.0.2\bin\zip.dll
0x00007ffe7c5c0000 - 0x00007ffe7c5ca000 	C:\Program Files\Java\jdk-11.0.2\bin\jimage.dll
0x00007ffe83df0000 - 0x00007ffe844d7000 	C:\WINDOWS\System32\SHELL32.dll
0x00007ffe82fc0000 - 0x00007ffe83069000 	C:\WINDOWS\System32\shcore.dll
0x00007ffe81f50000 - 0x00007ffe826d1000 	C:\WINDOWS\System32\windows.storage.dll
0x00007ffe81960000 - 0x00007ffe81983000 	C:\WINDOWS\System32\profapi.dll
0x00007ffe818f0000 - 0x00007ffe8193a000 	C:\WINDOWS\System32\powrprof.dll
0x00007ffe818c0000 - 0x00007ffe818d0000 	C:\WINDOWS\System32\UMPDC.dll
0x00007ffe83870000 - 0x00007ffe838c2000 	C:\WINDOWS\System32\shlwapi.dll
0x00007ffe81990000 - 0x00007ffe819a7000 	C:\WINDOWS\System32\cryptsp.dll
0x00007ffe6b490000 - 0x00007ffe6b4a9000 	C:\Program Files\Java\jdk-11.0.2\bin\net.dll
0x00007ffe77f50000 - 0x00007ffe78040000 	C:\WINDOWS\SYSTEM32\WINHTTP.dll
0x00007ffe70180000 - 0x00007ffe70356000 	C:\WINDOWS\SYSTEM32\urlmon.dll
0x00007ffe716c0000 - 0x00007ffe71967000 	C:\WINDOWS\SYSTEM32\iertutil.dll
0x00007ffe811e0000 - 0x00007ffe811ec000 	C:\WINDOWS\SYSTEM32\CRYPTBASE.DLL
0x00007ffe81060000 - 0x00007ffe810c7000 	C:\WINDOWS\system32\mswsock.dll
0x00007ffe6ab60000 - 0x00007ffe6ab73000 	C:\Program Files\Java\jdk-11.0.2\bin\nio.dll
0x00007ffe7bd20000 - 0x00007ffe7bd29000 	C:\Program Files\Java\jdk-11.0.2\bin\management.dll
0x00007ffe7a7b0000 - 0x00007ffe7a7bc000 	C:\Program Files\Java\jdk-11.0.2\bin\management_ext.dll
0x00007ffe7b870000 - 0x00007ffe7b886000 	C:\WINDOWS\system32\napinsp.dll
0x00007ffe79c40000 - 0x00007ffe79c5a000 	C:\WINDOWS\system32\pnrpnsp.dll
0x00007ffe80dc0000 - 0x00007ffe80e8b000 	C:\WINDOWS\SYSTEM32\DNSAPI.dll
0x00007ffe83570000 - 0x00007ffe83578000 	C:\WINDOWS\System32\NSI.dll
0x00007ffe80d80000 - 0x00007ffe80dba000 	C:\WINDOWS\SYSTEM32\IPHLPAPI.DLL
0x00007ffe7c2b0000 - 0x00007ffe7c2be000 	C:\WINDOWS\System32\winrnr.dll
0x00007ffe7d570000 - 0x00007ffe7d58c000 	C:\WINDOWS\system32\NLAapi.dll
0x00007ffe7d370000 - 0x00007ffe7d385000 	C:\WINDOWS\system32\wshbth.dll
0x00007ffe71490000 - 0x00007ffe7149a000 	C:\Windows\System32\rasadhlp.dll
0x00007ffe77ba0000 - 0x00007ffe77c17000 	C:\WINDOWS\System32\fwpuclnt.dll
0x00007ffe81f20000 - 0x00007ffe81f46000 	C:\WINDOWS\System32\bcrypt.dll

dbghelp: loaded successfully - version: 4.0.5 - missing functions: none
symbol engine: initialized successfully - sym options: 0x614 - pdb path: .;C:\Program Files\Java\jdk-11.0.2\bin;C:\WINDOWS\SYSTEM32;C:\WINDOWS\WinSxS\amd64_microsoft.windows.common-controls_6595b64144ccf1df_6.0.18362.1256_none_9e7e379be45e40e2;C:\Program Files\Java\jdk-11.0.2\bin\server

VM Arguments:
jvm_args: -Dfile.encoding=UTF-8 
java_command: com.ProjetoKellyEpompeaLojaUnitApplication
java_class_path (initial): C:\AULAS UNIT\ProjetoKellyLojaUnit\target\classes;C:\Users\PMRecife\.m2\repository\org\springframework\boot\spring-boot-starter-data-jpa\2.3.4.RELEASE\spring-boot-starter-data-jpa-2.3.4.RELEASE.jar;C:\Users\PMRecife\.m2\repository\org\springframework\boot\spring-boot-starter-aop\2.3.4.RELEASE\spring-boot-starter-aop-2.3.4.RELEASE.jar;C:\Users\PMRecife\.m2\repository\org\springframework\spring-aop\5.2.9.RELEASE\spring-aop-5.2.9.RELEASE.jar;C:\Users\PMRecife\.m2\repository\org\aspectj\aspectjweaver\1.9.6\aspectjweaver-1.9.6.jar;C:\Users\PMRecife\.m2\repository\org\springframework\boot\spring-boot-starter-jdbc\2.3.4.RELEASE\spring-boot-starter-jdbc-2.3.4.RELEASE.jar;C:\Users\PMRecife\.m2\repository\com\zaxxer\HikariCP\3.4.5\HikariCP-3.4.5.jar;C:\Users\PMRecife\.m2\repository\org\springframework\spring-jdbc\5.2.9.RELEASE\spring-jdbc-5.2.9.RELEASE.jar;C:\Users\PMRecife\.m2\repository\jakarta\transaction\jakarta.transaction-api\1.3.3\jakarta.transaction-api-1.3.3.jar;C:\Users\PMRecife\.m2\repository\jakarta\persistence\jakarta.persistence-api\2.2.3\jakarta.persistence-api-2.2.3.jar;C:\Users\PMRecife\.m2\repository\org\hibernate\hibernate-core\5.4.21.Final\hibernate-core-5.4.21.Final.jar;C:\Users\PMRecife\.m2\repository\org\jboss\logging\jboss-logging\3.4.1.Final\jboss-logging-3.4.1.Final.jar;C:\Users\PMRecife\.m2\repository\org\javassist\javassist\3.24.0-GA\javassist-3.24.0-GA.jar;C:\Users\PMRecife\.m2\repository\net\bytebuddy\byte-buddy\1.10.14\byte-buddy-1.10.14.jar;C:\Users\PMRecife\.m2\repository\antlr\antlr\2.7.7\antlr-2.7.7.jar;C:\Users\PMRecife\.m2\repository\org\jboss\jandex\2.1.3.Final\jandex-2.1.3.Final.jar;C:\Users\PMRecife\.m2\repository\com\fasterxml\classmate\1.5.1\classmate-1.5.1.jar;C:\Users\PMRecife\.m2\repository\org\dom4j\dom4j\2.1.3\dom4j-2.1.3.jar;C:\Users\PMRecife\.m2\repository\org\hibernate\common\hibernate-commons-annotations\5.1.0.Final\hibernate-commons-annotations-5.1.0.Final.jar;C:\Users\PMRecife\.m2\repository\org
Launcher Type: SUN_STANDARD

[Global flags]
     intx CICompilerCount                          = 3                                         {product} {ergonomic}
     uint ConcGCThreads                            = 1                                         {product} {ergonomic}
     uint G1ConcRefinementThreads                  = 4                                         {product} {ergonomic}
   size_t G1HeapRegionSize                         = 1048576                                   {product} {ergonomic}
    uintx GCDrainStackTargetSize                   = 64                                        {product} {ergonomic}
   size_t InitialHeapSize                          = 134217728                                 {product} {ergonomic}
   size_t MarkStackSize                            = 4194304                                   {product} {ergonomic}
   size_t MaxHeapSize                              = 2128609280                                {product} {ergonomic}
   size_t MaxNewSize                               = 1277165568                                {product} {ergonomic}
   size_t MinHeapDeltaBytes                        = 1048576                                   {product} {ergonomic}
    uintx NonNMethodCodeHeapSize                   = 5830092                                {pd product} {ergonomic}
    uintx NonProfiledCodeHeapSize                  = 122914074                              {pd product} {ergonomic}
    uintx ProfiledCodeHeapSize                     = 122914074                              {pd product} {ergonomic}
    uintx ReservedCodeCacheSize                    = 251658240                              {pd product} {ergonomic}
     bool SegmentedCodeCache                       = true                                      {product} {ergonomic}
     bool UseCompressedClassPointers               = true                                 {lp64_product} {ergonomic}
     bool UseCompressedOops                        = true                                 {lp64_product} {ergonomic}
     bool UseG1GC                                  = true                                      {product} {ergonomic}
     bool UseLargePagesIndividualAllocation        = false                                  {pd product} {ergonomic}

Logging:
Log output configuration:
 #0: stdout all=warning uptime,level,tags
 #1: stderr all=off uptime,level,tags

Environment Variables:
JAVA_HOME=C:\Program Files\Java\jdk-11.0.2
PATH=C:/Program Files/Java/jdk-11.0.2/bin/server;C:/Program Files/Java/jdk-11.0.2/bin;%M2_home%\bin;C:\Program Files\Git\cmd;C:\Program Files\Java\jdk-11.0.2\bin;C:\Program Files\Java\jdk-11.0.2;C:\apache-maven-3.6.3\bin;C:\APPs\apache-tomcat-7.0.104\bin;C:\Program Files\heroku\bin;C:\Users\PMRecife\AppData\Local\Programs\Microsoft VS Code\bin;C:\Users\PMRecife\AppData\Roaming\npm;C:\Users\PMRecife\AppData\Local\GitHubDesktop\bin;;C:\WINDOWS\system32;
USERNAME=Professor
OS=Windows_NT
PROCESSOR_IDENTIFIER=Intel64 Family 6 Model 142 Stepping 9, GenuineIntel



---------------  S Y S T E M  ---------------

OS: Windows 10 , 64 bit Build 18362 (10.0.18362.1110)

CPU:total 4 (initial active 4) (2 cores per cpu, 2 threads per core) family 6 model 142 stepping 9, cmov, cx8, fxsr, mmx, sse, sse2, sse3, ssse3, sse4.1, sse4.2, popcnt, avx, avx2, aes, clmul, erms, 3dnowpref, lzcnt, ht, tsc, tscinvbit, bmi1, bmi2, adx, fma

Memory: 4k page, system-wide physical 8113M (934M free)
TotalPageFile size 10023M (AvailPageFile size 7M)
current process WorkingSet (physical memory assigned to process): 200M, peak: 201M
current process commit charge ("private bytes"): 282M, peak: 308M

vm_info: OpenJDK 64-Bit Server VM (11.0.2+9) for windows-amd64 JRE (11.0.2+9), built on Jan 18 2019 05:23:22 by "mach5one" with MS VC++ 15.5 (VS2017)

END.
